2013-04-19 21:10:59,323 - [INFO] - from play in main 
Listening for HTTP on /0:0:0:0:0:0:0:0:9000

2013-04-19 21:11:01,765 - [ERROR] - from application in New I/O worker #1 


! @6e348mobb - Internal server error, for (GET) [/] ->

sbt.PlayExceptions$CompilationException: Compilation error[`}' expected but eof found.]
	at sbt.PlayReloader$$anon$2$$anonfun$reload$2$$anonfun$apply$15$$anonfun$apply$16.apply(PlayReloader.scala:349) ~[na:na]
	at sbt.PlayReloader$$anon$2$$anonfun$reload$2$$anonfun$apply$15$$anonfun$apply$16.apply(PlayReloader.scala:349) ~[na:na]
	at scala.Option.map(Option.scala:133) ~[scala-library.jar:na]
	at sbt.PlayReloader$$anon$2$$anonfun$reload$2$$anonfun$apply$15.apply(PlayReloader.scala:349) ~[na:na]
	at sbt.PlayReloader$$anon$2$$anonfun$reload$2$$anonfun$apply$15.apply(PlayReloader.scala:346) ~[na:na]
	at scala.Option.map(Option.scala:133) ~[scala-library.jar:na]
	at sbt.PlayReloader$$anon$2$$anonfun$reload$2.apply(PlayReloader.scala:346) ~[na:na]
	at sbt.PlayReloader$$anon$2$$anonfun$reload$2.apply(PlayReloader.scala:344) ~[na:na]
	at scala.Either$LeftProjection.map(Either.scala:374) ~[na:na]
	at sbt.PlayReloader$$anon$2.reload(PlayReloader.scala:344) ~[na:na]
	at play.core.ReloadableApplication.get(ApplicationProvider.scala:98) ~[play_2.10.jar:2.1.1]
	at play.core.server.Server$class.sendHandler$1(Server.scala:56) [play_2.10.jar:2.1.1]
	at play.core.server.Server$$anonfun$getHandlerFor$4.apply(Server.scala:88) [play_2.10.jar:2.1.1]
	at play.core.server.Server$$anonfun$getHandlerFor$4.apply(Server.scala:87) [play_2.10.jar:2.1.1]
	at scala.util.Either$RightProjection.flatMap(Either.scala:523) [scala-library.jar:na]
	at play.core.server.Server$class.getHandlerFor(Server.scala:87) [play_2.10.jar:2.1.1]
	at play.core.server.NettyServer.getHandlerFor(NettyServer.scala:34) [play_2.10.jar:2.1.1]
	at play.core.server.netty.PlayDefaultUpstreamHandler$$anonfun$6.apply(PlayDefaultUpstreamHandler.scala:115) [play_2.10.jar:2.1.1]
	at play.core.server.netty.PlayDefaultUpstreamHandler$$anonfun$6.apply(PlayDefaultUpstreamHandler.scala:115) [play_2.10.jar:2.1.1]
	at scala.util.Either.fold(Either.scala:98) [scala-library.jar:na]
	at play.core.server.netty.PlayDefaultUpstreamHandler.messageReceived(PlayDefaultUpstreamHandler.scala:109) [play_2.10.jar:2.1.1]
	at org.jboss.netty.channel.SimpleChannelUpstreamHandler.handleUpstream(SimpleChannelUpstreamHandler.java:70) [netty.jar:na]
	at org.jboss.netty.channel.DefaultChannelPipeline.sendUpstream(DefaultChannelPipeline.java:560) [netty.jar:na]
	at org.jboss.netty.channel.DefaultChannelPipeline$DefaultChannelHandlerContext.sendUpstream(DefaultChannelPipeline.java:787) [netty.jar:na]
	at org.jboss.netty.handler.codec.http.HttpContentDecoder.messageReceived(HttpContentDecoder.java:108) [netty.jar:na]
	at org.jboss.netty.channel.SimpleChannelUpstreamHandler.handleUpstream(SimpleChannelUpstreamHandler.java:70) [netty.jar:na]
	at org.jboss.netty.channel.DefaultChannelPipeline.sendUpstream(DefaultChannelPipeline.java:560) [netty.jar:na]
	at org.jboss.netty.channel.DefaultChannelPipeline$DefaultChannelHandlerContext.sendUpstream(DefaultChannelPipeline.java:787) [netty.jar:na]
	at org.jboss.netty.channel.Channels.fireMessageReceived(Channels.java:296) [netty.jar:na]
	at org.jboss.netty.handler.codec.frame.FrameDecoder.unfoldAndFireMessageReceived(FrameDecoder.java:459) [netty.jar:na]
	at org.jboss.netty.handler.codec.replay.ReplayingDecoder.callDecode(ReplayingDecoder.java:536) [netty.jar:na]
	at org.jboss.netty.handler.codec.replay.ReplayingDecoder.messageReceived(ReplayingDecoder.java:435) [netty.jar:na]
	at org.jboss.netty.channel.SimpleChannelUpstreamHandler.handleUpstream(SimpleChannelUpstreamHandler.java:70) [netty.jar:na]
	at org.jboss.netty.channel.DefaultChannelPipeline.sendUpstream(DefaultChannelPipeline.java:560) [netty.jar:na]
	at org.jboss.netty.channel.DefaultChannelPipeline.sendUpstream(DefaultChannelPipeline.java:555) [netty.jar:na]
	at org.jboss.netty.channel.Channels.fireMessageReceived(Channels.java:268) [netty.jar:na]
	at org.jboss.netty.channel.Channels.fireMessageReceived(Channels.java:255) [netty.jar:na]
	at org.jboss.netty.channel.socket.nio.NioWorker.read(NioWorker.java:88) [netty.jar:na]
	at org.jboss.netty.channel.socket.nio.AbstractNioWorker.process(AbstractNioWorker.java:107) [netty.jar:na]
	at org.jboss.netty.channel.socket.nio.AbstractNioSelector.run(AbstractNioSelector.java:312) [netty.jar:na]
	at org.jboss.netty.channel.socket.nio.AbstractNioWorker.run(AbstractNioWorker.java:88) [netty.jar:na]
	at org.jboss.netty.channel.socket.nio.NioWorker.run(NioWorker.java:178) [netty.jar:na]
	at org.jboss.netty.util.ThreadRenamingRunnable.run(ThreadRenamingRunnable.java:108) [netty.jar:na]
	at org.jboss.netty.util.internal.DeadLockProofWorker$1.run(DeadLockProofWorker.java:42) [netty.jar:na]
	at java.util.concurrent.ThreadPoolExecutor.runWorker(ThreadPoolExecutor.java:1146) [na:1.6.0_27]
	at java.util.concurrent.ThreadPoolExecutor$Worker.run(ThreadPoolExecutor.java:615) [na:1.6.0_27]
	at java.lang.Thread.run(Thread.java:679) [na:1.6.0_27]

2013-04-19 21:11:01,828 - [WARN] - from play in New I/O worker #1 
No application found at invoker init

2013-04-19 21:19:17,272 - [ERROR] - from application in New I/O worker #2 


! @6e349p3bk - Internal server error, for (GET) [/] ->

sbt.PlayExceptions$CompilationException: Compilation error[cannot find symbol [symbol: class html] [location: package views]]
	at sbt.PlayReloader$$anon$2$$anonfun$reload$2$$anonfun$apply$15$$anonfun$apply$16.apply(PlayReloader.scala:349) ~[na:na]
	at sbt.PlayReloader$$anon$2$$anonfun$reload$2$$anonfun$apply$15$$anonfun$apply$16.apply(PlayReloader.scala:349) ~[na:na]
	at scala.Option.map(Option.scala:133) ~[scala-library.jar:na]
	at sbt.PlayReloader$$anon$2$$anonfun$reload$2$$anonfun$apply$15.apply(PlayReloader.scala:349) ~[na:na]
	at sbt.PlayReloader$$anon$2$$anonfun$reload$2$$anonfun$apply$15.apply(PlayReloader.scala:346) ~[na:na]
	at scala.Option.map(Option.scala:133) ~[scala-library.jar:na]
	at sbt.PlayReloader$$anon$2$$anonfun$reload$2.apply(PlayReloader.scala:346) ~[na:na]
	at sbt.PlayReloader$$anon$2$$anonfun$reload$2.apply(PlayReloader.scala:344) ~[na:na]
	at scala.Either$LeftProjection.map(Either.scala:374) ~[na:na]
	at sbt.PlayReloader$$anon$2.reload(PlayReloader.scala:344) ~[na:na]
	at play.core.ReloadableApplication.get(ApplicationProvider.scala:98) ~[play_2.10.jar:2.1.1]
	at play.core.server.Server$class.sendHandler$1(Server.scala:56) [play_2.10.jar:2.1.1]
	at play.core.server.Server$$anonfun$getHandlerFor$4.apply(Server.scala:88) [play_2.10.jar:2.1.1]
	at play.core.server.Server$$anonfun$getHandlerFor$4.apply(Server.scala:87) [play_2.10.jar:2.1.1]
	at scala.util.Either$RightProjection.flatMap(Either.scala:523) [scala-library.jar:na]
	at play.core.server.Server$class.getHandlerFor(Server.scala:87) [play_2.10.jar:2.1.1]
	at play.core.server.NettyServer.getHandlerFor(NettyServer.scala:34) [play_2.10.jar:2.1.1]
	at play.core.server.netty.PlayDefaultUpstreamHandler$$anonfun$6.apply(PlayDefaultUpstreamHandler.scala:115) [play_2.10.jar:2.1.1]
	at play.core.server.netty.PlayDefaultUpstreamHandler$$anonfun$6.apply(PlayDefaultUpstreamHandler.scala:115) [play_2.10.jar:2.1.1]
	at scala.util.Either.fold(Either.scala:98) [scala-library.jar:na]
	at play.core.server.netty.PlayDefaultUpstreamHandler.messageReceived(PlayDefaultUpstreamHandler.scala:109) [play_2.10.jar:2.1.1]
	at org.jboss.netty.channel.SimpleChannelUpstreamHandler.handleUpstream(SimpleChannelUpstreamHandler.java:70) [netty.jar:na]
	at org.jboss.netty.channel.DefaultChannelPipeline.sendUpstream(DefaultChannelPipeline.java:560) [netty.jar:na]
	at org.jboss.netty.channel.DefaultChannelPipeline$DefaultChannelHandlerContext.sendUpstream(DefaultChannelPipeline.java:787) [netty.jar:na]
	at org.jboss.netty.handler.codec.http.HttpContentDecoder.messageReceived(HttpContentDecoder.java:108) [netty.jar:na]
	at org.jboss.netty.channel.SimpleChannelUpstreamHandler.handleUpstream(SimpleChannelUpstreamHandler.java:70) [netty.jar:na]
	at org.jboss.netty.channel.DefaultChannelPipeline.sendUpstream(DefaultChannelPipeline.java:560) [netty.jar:na]
	at org.jboss.netty.channel.DefaultChannelPipeline$DefaultChannelHandlerContext.sendUpstream(DefaultChannelPipeline.java:787) [netty.jar:na]
	at org.jboss.netty.channel.Channels.fireMessageReceived(Channels.java:296) [netty.jar:na]
	at org.jboss.netty.handler.codec.frame.FrameDecoder.unfoldAndFireMessageReceived(FrameDecoder.java:459) [netty.jar:na]
	at org.jboss.netty.handler.codec.replay.ReplayingDecoder.callDecode(ReplayingDecoder.java:536) [netty.jar:na]
	at org.jboss.netty.handler.codec.replay.ReplayingDecoder.messageReceived(ReplayingDecoder.java:435) [netty.jar:na]
	at org.jboss.netty.channel.SimpleChannelUpstreamHandler.handleUpstream(SimpleChannelUpstreamHandler.java:70) [netty.jar:na]
	at org.jboss.netty.channel.DefaultChannelPipeline.sendUpstream(DefaultChannelPipeline.java:560) [netty.jar:na]
	at org.jboss.netty.channel.DefaultChannelPipeline.sendUpstream(DefaultChannelPipeline.java:555) [netty.jar:na]
	at org.jboss.netty.channel.Channels.fireMessageReceived(Channels.java:268) [netty.jar:na]
	at org.jboss.netty.channel.Channels.fireMessageReceived(Channels.java:255) [netty.jar:na]
	at org.jboss.netty.channel.socket.nio.NioWorker.read(NioWorker.java:88) [netty.jar:na]
	at org.jboss.netty.channel.socket.nio.AbstractNioWorker.process(AbstractNioWorker.java:107) [netty.jar:na]
	at org.jboss.netty.channel.socket.nio.AbstractNioSelector.run(AbstractNioSelector.java:312) [netty.jar:na]
	at org.jboss.netty.channel.socket.nio.AbstractNioWorker.run(AbstractNioWorker.java:88) [netty.jar:na]
	at org.jboss.netty.channel.socket.nio.NioWorker.run(NioWorker.java:178) [netty.jar:na]
	at org.jboss.netty.util.ThreadRenamingRunnable.run(ThreadRenamingRunnable.java:108) [netty.jar:na]
	at org.jboss.netty.util.internal.DeadLockProofWorker$1.run(DeadLockProofWorker.java:42) [netty.jar:na]
	at java.util.concurrent.ThreadPoolExecutor.runWorker(ThreadPoolExecutor.java:1146) [na:1.6.0_27]
	at java.util.concurrent.ThreadPoolExecutor$Worker.run(ThreadPoolExecutor.java:615) [na:1.6.0_27]
	at java.lang.Thread.run(Thread.java:679) [na:1.6.0_27]

2013-04-19 21:19:36,659 - [ERROR] - from application in New I/O worker #2 


! @6e34a063a - Internal server error, for (GET) [/] ->

sbt.PlayExceptions$CompilationException: Compilation error[cannot find symbol [symbol: method form()] [location: class controllers.Application]]
	at sbt.PlayReloader$$anon$2$$anonfun$reload$2$$anonfun$apply$15$$anonfun$apply$16.apply(PlayReloader.scala:349) ~[na:na]
	at sbt.PlayReloader$$anon$2$$anonfun$reload$2$$anonfun$apply$15$$anonfun$apply$16.apply(PlayReloader.scala:349) ~[na:na]
	at scala.Option.map(Option.scala:133) ~[scala-library.jar:na]
	at sbt.PlayReloader$$anon$2$$anonfun$reload$2$$anonfun$apply$15.apply(PlayReloader.scala:349) ~[na:na]
	at sbt.PlayReloader$$anon$2$$anonfun$reload$2$$anonfun$apply$15.apply(PlayReloader.scala:346) ~[na:na]
	at scala.Option.map(Option.scala:133) ~[scala-library.jar:na]
	at sbt.PlayReloader$$anon$2$$anonfun$reload$2.apply(PlayReloader.scala:346) ~[na:na]
	at sbt.PlayReloader$$anon$2$$anonfun$reload$2.apply(PlayReloader.scala:344) ~[na:na]
	at scala.Either$LeftProjection.map(Either.scala:374) ~[na:na]
	at sbt.PlayReloader$$anon$2.reload(PlayReloader.scala:344) ~[na:na]
	at play.core.ReloadableApplication.get(ApplicationProvider.scala:98) ~[play_2.10.jar:2.1.1]
	at play.core.server.Server$class.sendHandler$1(Server.scala:56) [play_2.10.jar:2.1.1]
	at play.core.server.Server$$anonfun$getHandlerFor$4.apply(Server.scala:88) [play_2.10.jar:2.1.1]
	at play.core.server.Server$$anonfun$getHandlerFor$4.apply(Server.scala:87) [play_2.10.jar:2.1.1]
	at scala.util.Either$RightProjection.flatMap(Either.scala:523) [scala-library.jar:na]
	at play.core.server.Server$class.getHandlerFor(Server.scala:87) [play_2.10.jar:2.1.1]
	at play.core.server.NettyServer.getHandlerFor(NettyServer.scala:34) [play_2.10.jar:2.1.1]
	at play.core.server.netty.PlayDefaultUpstreamHandler$$anonfun$6.apply(PlayDefaultUpstreamHandler.scala:115) [play_2.10.jar:2.1.1]
	at play.core.server.netty.PlayDefaultUpstreamHandler$$anonfun$6.apply(PlayDefaultUpstreamHandler.scala:115) [play_2.10.jar:2.1.1]
	at scala.util.Either.fold(Either.scala:98) [scala-library.jar:na]
	at play.core.server.netty.PlayDefaultUpstreamHandler.messageReceived(PlayDefaultUpstreamHandler.scala:109) [play_2.10.jar:2.1.1]
	at org.jboss.netty.channel.SimpleChannelUpstreamHandler.handleUpstream(SimpleChannelUpstreamHandler.java:70) [netty.jar:na]
	at org.jboss.netty.channel.DefaultChannelPipeline.sendUpstream(DefaultChannelPipeline.java:560) [netty.jar:na]
	at org.jboss.netty.channel.DefaultChannelPipeline$DefaultChannelHandlerContext.sendUpstream(DefaultChannelPipeline.java:787) [netty.jar:na]
	at org.jboss.netty.handler.codec.http.HttpContentDecoder.messageReceived(HttpContentDecoder.java:108) [netty.jar:na]
	at org.jboss.netty.channel.SimpleChannelUpstreamHandler.handleUpstream(SimpleChannelUpstreamHandler.java:70) [netty.jar:na]
	at org.jboss.netty.channel.DefaultChannelPipeline.sendUpstream(DefaultChannelPipeline.java:560) [netty.jar:na]
	at org.jboss.netty.channel.DefaultChannelPipeline$DefaultChannelHandlerContext.sendUpstream(DefaultChannelPipeline.java:787) [netty.jar:na]
	at org.jboss.netty.channel.Channels.fireMessageReceived(Channels.java:296) [netty.jar:na]
	at org.jboss.netty.handler.codec.frame.FrameDecoder.unfoldAndFireMessageReceived(FrameDecoder.java:459) [netty.jar:na]
	at org.jboss.netty.handler.codec.replay.ReplayingDecoder.callDecode(ReplayingDecoder.java:536) [netty.jar:na]
	at org.jboss.netty.handler.codec.replay.ReplayingDecoder.messageReceived(ReplayingDecoder.java:435) [netty.jar:na]
	at org.jboss.netty.channel.SimpleChannelUpstreamHandler.handleUpstream(SimpleChannelUpstreamHandler.java:70) [netty.jar:na]
	at org.jboss.netty.channel.DefaultChannelPipeline.sendUpstream(DefaultChannelPipeline.java:560) [netty.jar:na]
	at org.jboss.netty.channel.DefaultChannelPipeline.sendUpstream(DefaultChannelPipeline.java:555) [netty.jar:na]
	at org.jboss.netty.channel.Channels.fireMessageReceived(Channels.java:268) [netty.jar:na]
	at org.jboss.netty.channel.Channels.fireMessageReceived(Channels.java:255) [netty.jar:na]
	at org.jboss.netty.channel.socket.nio.NioWorker.read(NioWorker.java:88) [netty.jar:na]
	at org.jboss.netty.channel.socket.nio.AbstractNioWorker.process(AbstractNioWorker.java:107) [netty.jar:na]
	at org.jboss.netty.channel.socket.nio.AbstractNioSelector.run(AbstractNioSelector.java:312) [netty.jar:na]
	at org.jboss.netty.channel.socket.nio.AbstractNioWorker.run(AbstractNioWorker.java:88) [netty.jar:na]
	at org.jboss.netty.channel.socket.nio.NioWorker.run(NioWorker.java:178) [netty.jar:na]
	at org.jboss.netty.util.ThreadRenamingRunnable.run(ThreadRenamingRunnable.java:108) [netty.jar:na]
	at org.jboss.netty.util.internal.DeadLockProofWorker$1.run(DeadLockProofWorker.java:42) [netty.jar:na]
	at java.util.concurrent.ThreadPoolExecutor.runWorker(ThreadPoolExecutor.java:1146) [na:1.6.0_27]
	at java.util.concurrent.ThreadPoolExecutor$Worker.run(ThreadPoolExecutor.java:615) [na:1.6.0_27]
	at java.lang.Thread.run(Thread.java:679) [na:1.6.0_27]

2013-04-19 21:20:49,570 - [ERROR] - from application in New I/O worker #2 


! @6e34a49pi - Internal server error, for (GET) [/] ->

sbt.PlayExceptions$CompilationException: Compilation error[cannot find symbol [symbol: class DynamicForm] [location: class controllers.Application]]
	at sbt.PlayReloader$$anon$2$$anonfun$reload$2$$anonfun$apply$15$$anonfun$apply$16.apply(PlayReloader.scala:349) ~[na:na]
	at sbt.PlayReloader$$anon$2$$anonfun$reload$2$$anonfun$apply$15$$anonfun$apply$16.apply(PlayReloader.scala:349) ~[na:na]
	at scala.Option.map(Option.scala:133) ~[scala-library.jar:na]
	at sbt.PlayReloader$$anon$2$$anonfun$reload$2$$anonfun$apply$15.apply(PlayReloader.scala:349) ~[na:na]
	at sbt.PlayReloader$$anon$2$$anonfun$reload$2$$anonfun$apply$15.apply(PlayReloader.scala:346) ~[na:na]
	at scala.Option.map(Option.scala:133) ~[scala-library.jar:na]
	at sbt.PlayReloader$$anon$2$$anonfun$reload$2.apply(PlayReloader.scala:346) ~[na:na]
	at sbt.PlayReloader$$anon$2$$anonfun$reload$2.apply(PlayReloader.scala:344) ~[na:na]
	at scala.Either$LeftProjection.map(Either.scala:374) ~[na:na]
	at sbt.PlayReloader$$anon$2.reload(PlayReloader.scala:344) ~[na:na]
	at play.core.ReloadableApplication.get(ApplicationProvider.scala:98) ~[play_2.10.jar:2.1.1]
	at play.core.server.Server$class.sendHandler$1(Server.scala:56) [play_2.10.jar:2.1.1]
	at play.core.server.Server$$anonfun$getHandlerFor$4.apply(Server.scala:88) [play_2.10.jar:2.1.1]
	at play.core.server.Server$$anonfun$getHandlerFor$4.apply(Server.scala:87) [play_2.10.jar:2.1.1]
	at scala.util.Either$RightProjection.flatMap(Either.scala:523) [scala-library.jar:na]
	at play.core.server.Server$class.getHandlerFor(Server.scala:87) [play_2.10.jar:2.1.1]
	at play.core.server.NettyServer.getHandlerFor(NettyServer.scala:34) [play_2.10.jar:2.1.1]
	at play.core.server.netty.PlayDefaultUpstreamHandler$$anonfun$6.apply(PlayDefaultUpstreamHandler.scala:115) [play_2.10.jar:2.1.1]
	at play.core.server.netty.PlayDefaultUpstreamHandler$$anonfun$6.apply(PlayDefaultUpstreamHandler.scala:115) [play_2.10.jar:2.1.1]
	at scala.util.Either.fold(Either.scala:98) [scala-library.jar:na]
	at play.core.server.netty.PlayDefaultUpstreamHandler.messageReceived(PlayDefaultUpstreamHandler.scala:109) [play_2.10.jar:2.1.1]
	at org.jboss.netty.channel.SimpleChannelUpstreamHandler.handleUpstream(SimpleChannelUpstreamHandler.java:70) [netty.jar:na]
	at org.jboss.netty.channel.DefaultChannelPipeline.sendUpstream(DefaultChannelPipeline.java:560) [netty.jar:na]
	at org.jboss.netty.channel.DefaultChannelPipeline$DefaultChannelHandlerContext.sendUpstream(DefaultChannelPipeline.java:787) [netty.jar:na]
	at org.jboss.netty.handler.codec.http.HttpContentDecoder.messageReceived(HttpContentDecoder.java:108) [netty.jar:na]
	at org.jboss.netty.channel.SimpleChannelUpstreamHandler.handleUpstream(SimpleChannelUpstreamHandler.java:70) [netty.jar:na]
	at org.jboss.netty.channel.DefaultChannelPipeline.sendUpstream(DefaultChannelPipeline.java:560) [netty.jar:na]
	at org.jboss.netty.channel.DefaultChannelPipeline$DefaultChannelHandlerContext.sendUpstream(DefaultChannelPipeline.java:787) [netty.jar:na]
	at org.jboss.netty.channel.Channels.fireMessageReceived(Channels.java:296) [netty.jar:na]
	at org.jboss.netty.handler.codec.frame.FrameDecoder.unfoldAndFireMessageReceived(FrameDecoder.java:459) [netty.jar:na]
	at org.jboss.netty.handler.codec.replay.ReplayingDecoder.callDecode(ReplayingDecoder.java:536) [netty.jar:na]
	at org.jboss.netty.handler.codec.replay.ReplayingDecoder.messageReceived(ReplayingDecoder.java:435) [netty.jar:na]
	at org.jboss.netty.channel.SimpleChannelUpstreamHandler.handleUpstream(SimpleChannelUpstreamHandler.java:70) [netty.jar:na]
	at org.jboss.netty.channel.DefaultChannelPipeline.sendUpstream(DefaultChannelPipeline.java:560) [netty.jar:na]
	at org.jboss.netty.channel.DefaultChannelPipeline.sendUpstream(DefaultChannelPipeline.java:555) [netty.jar:na]
	at org.jboss.netty.channel.Channels.fireMessageReceived(Channels.java:268) [netty.jar:na]
	at org.jboss.netty.channel.Channels.fireMessageReceived(Channels.java:255) [netty.jar:na]
	at org.jboss.netty.channel.socket.nio.NioWorker.read(NioWorker.java:88) [netty.jar:na]
	at org.jboss.netty.channel.socket.nio.AbstractNioWorker.process(AbstractNioWorker.java:107) [netty.jar:na]
	at org.jboss.netty.channel.socket.nio.AbstractNioSelector.run(AbstractNioSelector.java:312) [netty.jar:na]
	at org.jboss.netty.channel.socket.nio.AbstractNioWorker.run(AbstractNioWorker.java:88) [netty.jar:na]
	at org.jboss.netty.channel.socket.nio.NioWorker.run(NioWorker.java:178) [netty.jar:na]
	at org.jboss.netty.util.ThreadRenamingRunnable.run(ThreadRenamingRunnable.java:108) [netty.jar:na]
	at org.jboss.netty.util.internal.DeadLockProofWorker$1.run(DeadLockProofWorker.java:42) [netty.jar:na]
	at java.util.concurrent.ThreadPoolExecutor.runWorker(ThreadPoolExecutor.java:1146) [na:1.6.0_27]
	at java.util.concurrent.ThreadPoolExecutor$Worker.run(ThreadPoolExecutor.java:615) [na:1.6.0_27]
	at java.lang.Thread.run(Thread.java:679) [na:1.6.0_27]

2013-04-19 21:21:31,936 - [ERROR] - from application in New I/O worker #2 


! @6e34a6kh4 - Internal server error, for (GET) [/] ->

sbt.PlayExceptions$CompilationException: Compilation error[cannot find symbol [symbol: method form()] [location: class controllers.Application]]
	at sbt.PlayReloader$$anon$2$$anonfun$reload$2$$anonfun$apply$15$$anonfun$apply$16.apply(PlayReloader.scala:349) ~[na:na]
	at sbt.PlayReloader$$anon$2$$anonfun$reload$2$$anonfun$apply$15$$anonfun$apply$16.apply(PlayReloader.scala:349) ~[na:na]
	at scala.Option.map(Option.scala:133) ~[scala-library.jar:na]
	at sbt.PlayReloader$$anon$2$$anonfun$reload$2$$anonfun$apply$15.apply(PlayReloader.scala:349) ~[na:na]
	at sbt.PlayReloader$$anon$2$$anonfun$reload$2$$anonfun$apply$15.apply(PlayReloader.scala:346) ~[na:na]
	at scala.Option.map(Option.scala:133) ~[scala-library.jar:na]
	at sbt.PlayReloader$$anon$2$$anonfun$reload$2.apply(PlayReloader.scala:346) ~[na:na]
	at sbt.PlayReloader$$anon$2$$anonfun$reload$2.apply(PlayReloader.scala:344) ~[na:na]
	at scala.Either$LeftProjection.map(Either.scala:374) ~[na:na]
	at sbt.PlayReloader$$anon$2.reload(PlayReloader.scala:344) ~[na:na]
	at play.core.ReloadableApplication.get(ApplicationProvider.scala:98) ~[play_2.10.jar:2.1.1]
	at play.core.server.Server$class.sendHandler$1(Server.scala:56) [play_2.10.jar:2.1.1]
	at play.core.server.Server$$anonfun$getHandlerFor$4.apply(Server.scala:88) [play_2.10.jar:2.1.1]
	at play.core.server.Server$$anonfun$getHandlerFor$4.apply(Server.scala:87) [play_2.10.jar:2.1.1]
	at scala.util.Either$RightProjection.flatMap(Either.scala:523) [scala-library.jar:na]
	at play.core.server.Server$class.getHandlerFor(Server.scala:87) [play_2.10.jar:2.1.1]
	at play.core.server.NettyServer.getHandlerFor(NettyServer.scala:34) [play_2.10.jar:2.1.1]
	at play.core.server.netty.PlayDefaultUpstreamHandler$$anonfun$6.apply(PlayDefaultUpstreamHandler.scala:115) [play_2.10.jar:2.1.1]
	at play.core.server.netty.PlayDefaultUpstreamHandler$$anonfun$6.apply(PlayDefaultUpstreamHandler.scala:115) [play_2.10.jar:2.1.1]
	at scala.util.Either.fold(Either.scala:98) [scala-library.jar:na]
	at play.core.server.netty.PlayDefaultUpstreamHandler.messageReceived(PlayDefaultUpstreamHandler.scala:109) [play_2.10.jar:2.1.1]
	at org.jboss.netty.channel.SimpleChannelUpstreamHandler.handleUpstream(SimpleChannelUpstreamHandler.java:70) [netty.jar:na]
	at org.jboss.netty.channel.DefaultChannelPipeline.sendUpstream(DefaultChannelPipeline.java:560) [netty.jar:na]
	at org.jboss.netty.channel.DefaultChannelPipeline$DefaultChannelHandlerContext.sendUpstream(DefaultChannelPipeline.java:787) [netty.jar:na]
	at org.jboss.netty.handler.codec.http.HttpContentDecoder.messageReceived(HttpContentDecoder.java:108) [netty.jar:na]
	at org.jboss.netty.channel.SimpleChannelUpstreamHandler.handleUpstream(SimpleChannelUpstreamHandler.java:70) [netty.jar:na]
	at org.jboss.netty.channel.DefaultChannelPipeline.sendUpstream(DefaultChannelPipeline.java:560) [netty.jar:na]
	at org.jboss.netty.channel.DefaultChannelPipeline$DefaultChannelHandlerContext.sendUpstream(DefaultChannelPipeline.java:787) [netty.jar:na]
	at org.jboss.netty.channel.Channels.fireMessageReceived(Channels.java:296) [netty.jar:na]
	at org.jboss.netty.handler.codec.frame.FrameDecoder.unfoldAndFireMessageReceived(FrameDecoder.java:459) [netty.jar:na]
	at org.jboss.netty.handler.codec.replay.ReplayingDecoder.callDecode(ReplayingDecoder.java:536) [netty.jar:na]
	at org.jboss.netty.handler.codec.replay.ReplayingDecoder.messageReceived(ReplayingDecoder.java:435) [netty.jar:na]
	at org.jboss.netty.channel.SimpleChannelUpstreamHandler.handleUpstream(SimpleChannelUpstreamHandler.java:70) [netty.jar:na]
	at org.jboss.netty.channel.DefaultChannelPipeline.sendUpstream(DefaultChannelPipeline.java:560) [netty.jar:na]
	at org.jboss.netty.channel.DefaultChannelPipeline.sendUpstream(DefaultChannelPipeline.java:555) [netty.jar:na]
	at org.jboss.netty.channel.Channels.fireMessageReceived(Channels.java:268) [netty.jar:na]
	at org.jboss.netty.channel.Channels.fireMessageReceived(Channels.java:255) [netty.jar:na]
	at org.jboss.netty.channel.socket.nio.NioWorker.read(NioWorker.java:88) [netty.jar:na]
	at org.jboss.netty.channel.socket.nio.AbstractNioWorker.process(AbstractNioWorker.java:107) [netty.jar:na]
	at org.jboss.netty.channel.socket.nio.AbstractNioSelector.run(AbstractNioSelector.java:312) [netty.jar:na]
	at org.jboss.netty.channel.socket.nio.AbstractNioWorker.run(AbstractNioWorker.java:88) [netty.jar:na]
	at org.jboss.netty.channel.socket.nio.NioWorker.run(NioWorker.java:178) [netty.jar:na]
	at org.jboss.netty.util.ThreadRenamingRunnable.run(ThreadRenamingRunnable.java:108) [netty.jar:na]
	at org.jboss.netty.util.internal.DeadLockProofWorker$1.run(DeadLockProofWorker.java:42) [netty.jar:na]
	at java.util.concurrent.ThreadPoolExecutor.runWorker(ThreadPoolExecutor.java:1146) [na:1.6.0_27]
	at java.util.concurrent.ThreadPoolExecutor$Worker.run(ThreadPoolExecutor.java:615) [na:1.6.0_27]
	at java.lang.Thread.run(Thread.java:679) [na:1.6.0_27]

2013-04-19 21:22:07,963 - [ERROR] - from application in New I/O worker #2 


! @6e34a8lol - Internal server error, for (GET) [/] ->

sbt.PlayExceptions$CompilationException: Compilation error[cannot find symbol [symbol: method form()] [location: class controllers.Application]]
	at sbt.PlayReloader$$anon$2$$anonfun$reload$2$$anonfun$apply$15$$anonfun$apply$16.apply(PlayReloader.scala:349) ~[na:na]
	at sbt.PlayReloader$$anon$2$$anonfun$reload$2$$anonfun$apply$15$$anonfun$apply$16.apply(PlayReloader.scala:349) ~[na:na]
	at scala.Option.map(Option.scala:133) ~[scala-library.jar:na]
	at sbt.PlayReloader$$anon$2$$anonfun$reload$2$$anonfun$apply$15.apply(PlayReloader.scala:349) ~[na:na]
	at sbt.PlayReloader$$anon$2$$anonfun$reload$2$$anonfun$apply$15.apply(PlayReloader.scala:346) ~[na:na]
	at scala.Option.map(Option.scala:133) ~[scala-library.jar:na]
	at sbt.PlayReloader$$anon$2$$anonfun$reload$2.apply(PlayReloader.scala:346) ~[na:na]
	at sbt.PlayReloader$$anon$2$$anonfun$reload$2.apply(PlayReloader.scala:344) ~[na:na]
	at scala.Either$LeftProjection.map(Either.scala:374) ~[na:na]
	at sbt.PlayReloader$$anon$2.reload(PlayReloader.scala:344) ~[na:na]
	at play.core.ReloadableApplication.get(ApplicationProvider.scala:98) ~[play_2.10.jar:2.1.1]
	at play.core.server.Server$class.sendHandler$1(Server.scala:56) [play_2.10.jar:2.1.1]
	at play.core.server.Server$$anonfun$getHandlerFor$4.apply(Server.scala:88) [play_2.10.jar:2.1.1]
	at play.core.server.Server$$anonfun$getHandlerFor$4.apply(Server.scala:87) [play_2.10.jar:2.1.1]
	at scala.util.Either$RightProjection.flatMap(Either.scala:523) [scala-library.jar:na]
	at play.core.server.Server$class.getHandlerFor(Server.scala:87) [play_2.10.jar:2.1.1]
	at play.core.server.NettyServer.getHandlerFor(NettyServer.scala:34) [play_2.10.jar:2.1.1]
	at play.core.server.netty.PlayDefaultUpstreamHandler$$anonfun$6.apply(PlayDefaultUpstreamHandler.scala:115) [play_2.10.jar:2.1.1]
	at play.core.server.netty.PlayDefaultUpstreamHandler$$anonfun$6.apply(PlayDefaultUpstreamHandler.scala:115) [play_2.10.jar:2.1.1]
	at scala.util.Either.fold(Either.scala:98) [scala-library.jar:na]
	at play.core.server.netty.PlayDefaultUpstreamHandler.messageReceived(PlayDefaultUpstreamHandler.scala:109) [play_2.10.jar:2.1.1]
	at org.jboss.netty.channel.SimpleChannelUpstreamHandler.handleUpstream(SimpleChannelUpstreamHandler.java:70) [netty.jar:na]
	at org.jboss.netty.channel.DefaultChannelPipeline.sendUpstream(DefaultChannelPipeline.java:560) [netty.jar:na]
	at org.jboss.netty.channel.DefaultChannelPipeline$DefaultChannelHandlerContext.sendUpstream(DefaultChannelPipeline.java:787) [netty.jar:na]
	at org.jboss.netty.handler.codec.http.HttpContentDecoder.messageReceived(HttpContentDecoder.java:108) [netty.jar:na]
	at org.jboss.netty.channel.SimpleChannelUpstreamHandler.handleUpstream(SimpleChannelUpstreamHandler.java:70) [netty.jar:na]
	at org.jboss.netty.channel.DefaultChannelPipeline.sendUpstream(DefaultChannelPipeline.java:560) [netty.jar:na]
	at org.jboss.netty.channel.DefaultChannelPipeline$DefaultChannelHandlerContext.sendUpstream(DefaultChannelPipeline.java:787) [netty.jar:na]
	at org.jboss.netty.channel.Channels.fireMessageReceived(Channels.java:296) [netty.jar:na]
	at org.jboss.netty.handler.codec.frame.FrameDecoder.unfoldAndFireMessageReceived(FrameDecoder.java:459) [netty.jar:na]
	at org.jboss.netty.handler.codec.replay.ReplayingDecoder.callDecode(ReplayingDecoder.java:536) [netty.jar:na]
	at org.jboss.netty.handler.codec.replay.ReplayingDecoder.messageReceived(ReplayingDecoder.java:435) [netty.jar:na]
	at org.jboss.netty.channel.SimpleChannelUpstreamHandler.handleUpstream(SimpleChannelUpstreamHandler.java:70) [netty.jar:na]
	at org.jboss.netty.channel.DefaultChannelPipeline.sendUpstream(DefaultChannelPipeline.java:560) [netty.jar:na]
	at org.jboss.netty.channel.DefaultChannelPipeline.sendUpstream(DefaultChannelPipeline.java:555) [netty.jar:na]
	at org.jboss.netty.channel.Channels.fireMessageReceived(Channels.java:268) [netty.jar:na]
	at org.jboss.netty.channel.Channels.fireMessageReceived(Channels.java:255) [netty.jar:na]
	at org.jboss.netty.channel.socket.nio.NioWorker.read(NioWorker.java:88) [netty.jar:na]
	at org.jboss.netty.channel.socket.nio.AbstractNioWorker.process(AbstractNioWorker.java:107) [netty.jar:na]
	at org.jboss.netty.channel.socket.nio.AbstractNioSelector.run(AbstractNioSelector.java:312) [netty.jar:na]
	at org.jboss.netty.channel.socket.nio.AbstractNioWorker.run(AbstractNioWorker.java:88) [netty.jar:na]
	at org.jboss.netty.channel.socket.nio.NioWorker.run(NioWorker.java:178) [netty.jar:na]
	at org.jboss.netty.util.ThreadRenamingRunnable.run(ThreadRenamingRunnable.java:108) [netty.jar:na]
	at org.jboss.netty.util.internal.DeadLockProofWorker$1.run(DeadLockProofWorker.java:42) [netty.jar:na]
	at java.util.concurrent.ThreadPoolExecutor.runWorker(ThreadPoolExecutor.java:1146) [na:1.6.0_27]
	at java.util.concurrent.ThreadPoolExecutor$Worker.run(ThreadPoolExecutor.java:615) [na:1.6.0_27]
	at java.lang.Thread.run(Thread.java:679) [na:1.6.0_27]

2013-04-19 21:23:56,222 - [ERROR] - from application in New I/O worker #2 


! @6e34af02g - Internal server error, for (GET) [/] ->

sbt.PlayExceptions$CompilationException: Compilation error[cannot find symbol [symbol: method bindFormRequest()] [location: class play.data.DynamicForm]]
	at sbt.PlayReloader$$anon$2$$anonfun$reload$2$$anonfun$apply$15$$anonfun$apply$16.apply(PlayReloader.scala:349) ~[na:na]
	at sbt.PlayReloader$$anon$2$$anonfun$reload$2$$anonfun$apply$15$$anonfun$apply$16.apply(PlayReloader.scala:349) ~[na:na]
	at scala.Option.map(Option.scala:133) ~[scala-library.jar:na]
	at sbt.PlayReloader$$anon$2$$anonfun$reload$2$$anonfun$apply$15.apply(PlayReloader.scala:349) ~[na:na]
	at sbt.PlayReloader$$anon$2$$anonfun$reload$2$$anonfun$apply$15.apply(PlayReloader.scala:346) ~[na:na]
	at scala.Option.map(Option.scala:133) ~[scala-library.jar:na]
	at sbt.PlayReloader$$anon$2$$anonfun$reload$2.apply(PlayReloader.scala:346) ~[na:na]
	at sbt.PlayReloader$$anon$2$$anonfun$reload$2.apply(PlayReloader.scala:344) ~[na:na]
	at scala.Either$LeftProjection.map(Either.scala:374) ~[na:na]
	at sbt.PlayReloader$$anon$2.reload(PlayReloader.scala:344) ~[na:na]
	at play.core.ReloadableApplication.get(ApplicationProvider.scala:98) ~[play_2.10.jar:2.1.1]
	at play.core.server.Server$class.sendHandler$1(Server.scala:56) [play_2.10.jar:2.1.1]
	at play.core.server.Server$$anonfun$getHandlerFor$4.apply(Server.scala:88) [play_2.10.jar:2.1.1]
	at play.core.server.Server$$anonfun$getHandlerFor$4.apply(Server.scala:87) [play_2.10.jar:2.1.1]
	at scala.util.Either$RightProjection.flatMap(Either.scala:523) [scala-library.jar:na]
	at play.core.server.Server$class.getHandlerFor(Server.scala:87) [play_2.10.jar:2.1.1]
	at play.core.server.NettyServer.getHandlerFor(NettyServer.scala:34) [play_2.10.jar:2.1.1]
	at play.core.server.netty.PlayDefaultUpstreamHandler$$anonfun$6.apply(PlayDefaultUpstreamHandler.scala:115) [play_2.10.jar:2.1.1]
	at play.core.server.netty.PlayDefaultUpstreamHandler$$anonfun$6.apply(PlayDefaultUpstreamHandler.scala:115) [play_2.10.jar:2.1.1]
	at scala.util.Either.fold(Either.scala:98) [scala-library.jar:na]
	at play.core.server.netty.PlayDefaultUpstreamHandler.messageReceived(PlayDefaultUpstreamHandler.scala:109) [play_2.10.jar:2.1.1]
	at org.jboss.netty.channel.SimpleChannelUpstreamHandler.handleUpstream(SimpleChannelUpstreamHandler.java:70) [netty.jar:na]
	at org.jboss.netty.channel.DefaultChannelPipeline.sendUpstream(DefaultChannelPipeline.java:560) [netty.jar:na]
	at org.jboss.netty.channel.DefaultChannelPipeline$DefaultChannelHandlerContext.sendUpstream(DefaultChannelPipeline.java:787) [netty.jar:na]
	at org.jboss.netty.handler.codec.http.HttpContentDecoder.messageReceived(HttpContentDecoder.java:108) [netty.jar:na]
	at org.jboss.netty.channel.SimpleChannelUpstreamHandler.handleUpstream(SimpleChannelUpstreamHandler.java:70) [netty.jar:na]
	at org.jboss.netty.channel.DefaultChannelPipeline.sendUpstream(DefaultChannelPipeline.java:560) [netty.jar:na]
	at org.jboss.netty.channel.DefaultChannelPipeline$DefaultChannelHandlerContext.sendUpstream(DefaultChannelPipeline.java:787) [netty.jar:na]
	at org.jboss.netty.channel.Channels.fireMessageReceived(Channels.java:296) [netty.jar:na]
	at org.jboss.netty.handler.codec.frame.FrameDecoder.unfoldAndFireMessageReceived(FrameDecoder.java:459) [netty.jar:na]
	at org.jboss.netty.handler.codec.replay.ReplayingDecoder.callDecode(ReplayingDecoder.java:536) [netty.jar:na]
	at org.jboss.netty.handler.codec.replay.ReplayingDecoder.messageReceived(ReplayingDecoder.java:435) [netty.jar:na]
	at org.jboss.netty.channel.SimpleChannelUpstreamHandler.handleUpstream(SimpleChannelUpstreamHandler.java:70) [netty.jar:na]
	at org.jboss.netty.channel.DefaultChannelPipeline.sendUpstream(DefaultChannelPipeline.java:560) [netty.jar:na]
	at org.jboss.netty.channel.DefaultChannelPipeline.sendUpstream(DefaultChannelPipeline.java:555) [netty.jar:na]
	at org.jboss.netty.channel.Channels.fireMessageReceived(Channels.java:268) [netty.jar:na]
	at org.jboss.netty.channel.Channels.fireMessageReceived(Channels.java:255) [netty.jar:na]
	at org.jboss.netty.channel.socket.nio.NioWorker.read(NioWorker.java:88) [netty.jar:na]
	at org.jboss.netty.channel.socket.nio.AbstractNioWorker.process(AbstractNioWorker.java:107) [netty.jar:na]
	at org.jboss.netty.channel.socket.nio.AbstractNioSelector.run(AbstractNioSelector.java:312) [netty.jar:na]
	at org.jboss.netty.channel.socket.nio.AbstractNioWorker.run(AbstractNioWorker.java:88) [netty.jar:na]
	at org.jboss.netty.channel.socket.nio.NioWorker.run(NioWorker.java:178) [netty.jar:na]
	at org.jboss.netty.util.ThreadRenamingRunnable.run(ThreadRenamingRunnable.java:108) [netty.jar:na]
	at org.jboss.netty.util.internal.DeadLockProofWorker$1.run(DeadLockProofWorker.java:42) [netty.jar:na]
	at java.util.concurrent.ThreadPoolExecutor.runWorker(ThreadPoolExecutor.java:1146) [na:1.6.0_27]
	at java.util.concurrent.ThreadPoolExecutor$Worker.run(ThreadPoolExecutor.java:615) [na:1.6.0_27]
	at java.lang.Thread.run(Thread.java:679) [na:1.6.0_27]

2013-04-19 21:24:48,030 - [ERROR] - from application in New I/O worker #2 


! @6e34ahoj6 - Internal server error, for (GET) [/] ->

sbt.PlayExceptions$CompilationException: Compilation error[cannot find symbol [symbol: method bindFormRequest()] [location: class play.data.DynamicForm]]
	at sbt.PlayReloader$$anon$2$$anonfun$reload$2$$anonfun$apply$15$$anonfun$apply$16.apply(PlayReloader.scala:349) ~[na:na]
	at sbt.PlayReloader$$anon$2$$anonfun$reload$2$$anonfun$apply$15$$anonfun$apply$16.apply(PlayReloader.scala:349) ~[na:na]
	at scala.Option.map(Option.scala:133) ~[scala-library.jar:na]
	at sbt.PlayReloader$$anon$2$$anonfun$reload$2$$anonfun$apply$15.apply(PlayReloader.scala:349) ~[na:na]
	at sbt.PlayReloader$$anon$2$$anonfun$reload$2$$anonfun$apply$15.apply(PlayReloader.scala:346) ~[na:na]
	at scala.Option.map(Option.scala:133) ~[scala-library.jar:na]
	at sbt.PlayReloader$$anon$2$$anonfun$reload$2.apply(PlayReloader.scala:346) ~[na:na]
	at sbt.PlayReloader$$anon$2$$anonfun$reload$2.apply(PlayReloader.scala:344) ~[na:na]
	at scala.Either$LeftProjection.map(Either.scala:374) ~[na:na]
	at sbt.PlayReloader$$anon$2.reload(PlayReloader.scala:344) ~[na:na]
	at play.core.ReloadableApplication.get(ApplicationProvider.scala:98) ~[play_2.10.jar:2.1.1]
	at play.core.server.Server$class.sendHandler$1(Server.scala:56) [play_2.10.jar:2.1.1]
	at play.core.server.Server$$anonfun$getHandlerFor$4.apply(Server.scala:88) [play_2.10.jar:2.1.1]
	at play.core.server.Server$$anonfun$getHandlerFor$4.apply(Server.scala:87) [play_2.10.jar:2.1.1]
	at scala.util.Either$RightProjection.flatMap(Either.scala:523) [scala-library.jar:na]
	at play.core.server.Server$class.getHandlerFor(Server.scala:87) [play_2.10.jar:2.1.1]
	at play.core.server.NettyServer.getHandlerFor(NettyServer.scala:34) [play_2.10.jar:2.1.1]
	at play.core.server.netty.PlayDefaultUpstreamHandler$$anonfun$6.apply(PlayDefaultUpstreamHandler.scala:115) [play_2.10.jar:2.1.1]
	at play.core.server.netty.PlayDefaultUpstreamHandler$$anonfun$6.apply(PlayDefaultUpstreamHandler.scala:115) [play_2.10.jar:2.1.1]
	at scala.util.Either.fold(Either.scala:98) [scala-library.jar:na]
	at play.core.server.netty.PlayDefaultUpstreamHandler.messageReceived(PlayDefaultUpstreamHandler.scala:109) [play_2.10.jar:2.1.1]
	at org.jboss.netty.channel.SimpleChannelUpstreamHandler.handleUpstream(SimpleChannelUpstreamHandler.java:70) [netty.jar:na]
	at org.jboss.netty.channel.DefaultChannelPipeline.sendUpstream(DefaultChannelPipeline.java:560) [netty.jar:na]
	at org.jboss.netty.channel.DefaultChannelPipeline$DefaultChannelHandlerContext.sendUpstream(DefaultChannelPipeline.java:787) [netty.jar:na]
	at org.jboss.netty.handler.codec.http.HttpContentDecoder.messageReceived(HttpContentDecoder.java:108) [netty.jar:na]
	at org.jboss.netty.channel.SimpleChannelUpstreamHandler.handleUpstream(SimpleChannelUpstreamHandler.java:70) [netty.jar:na]
	at org.jboss.netty.channel.DefaultChannelPipeline.sendUpstream(DefaultChannelPipeline.java:560) [netty.jar:na]
	at org.jboss.netty.channel.DefaultChannelPipeline$DefaultChannelHandlerContext.sendUpstream(DefaultChannelPipeline.java:787) [netty.jar:na]
	at org.jboss.netty.channel.Channels.fireMessageReceived(Channels.java:296) [netty.jar:na]
	at org.jboss.netty.handler.codec.frame.FrameDecoder.unfoldAndFireMessageReceived(FrameDecoder.java:459) [netty.jar:na]
	at org.jboss.netty.handler.codec.replay.ReplayingDecoder.callDecode(ReplayingDecoder.java:536) [netty.jar:na]
	at org.jboss.netty.handler.codec.replay.ReplayingDecoder.messageReceived(ReplayingDecoder.java:435) [netty.jar:na]
	at org.jboss.netty.channel.SimpleChannelUpstreamHandler.handleUpstream(SimpleChannelUpstreamHandler.java:70) [netty.jar:na]
	at org.jboss.netty.channel.DefaultChannelPipeline.sendUpstream(DefaultChannelPipeline.java:560) [netty.jar:na]
	at org.jboss.netty.channel.DefaultChannelPipeline.sendUpstream(DefaultChannelPipeline.java:555) [netty.jar:na]
	at org.jboss.netty.channel.Channels.fireMessageReceived(Channels.java:268) [netty.jar:na]
	at org.jboss.netty.channel.Channels.fireMessageReceived(Channels.java:255) [netty.jar:na]
	at org.jboss.netty.channel.socket.nio.NioWorker.read(NioWorker.java:88) [netty.jar:na]
	at org.jboss.netty.channel.socket.nio.AbstractNioWorker.process(AbstractNioWorker.java:107) [netty.jar:na]
	at org.jboss.netty.channel.socket.nio.AbstractNioSelector.run(AbstractNioSelector.java:312) [netty.jar:na]
	at org.jboss.netty.channel.socket.nio.AbstractNioWorker.run(AbstractNioWorker.java:88) [netty.jar:na]
	at org.jboss.netty.channel.socket.nio.NioWorker.run(NioWorker.java:178) [netty.jar:na]
	at org.jboss.netty.util.ThreadRenamingRunnable.run(ThreadRenamingRunnable.java:108) [netty.jar:na]
	at org.jboss.netty.util.internal.DeadLockProofWorker$1.run(DeadLockProofWorker.java:42) [netty.jar:na]
	at java.util.concurrent.ThreadPoolExecutor.runWorker(ThreadPoolExecutor.java:1146) [na:1.6.0_27]
	at java.util.concurrent.ThreadPoolExecutor$Worker.run(ThreadPoolExecutor.java:615) [na:1.6.0_27]
	at java.lang.Thread.run(Thread.java:679) [na:1.6.0_27]

2013-04-19 21:27:03,347 - [ERROR] - from application in New I/O worker #2 


! @6e34apgni - Internal server error, for (GET) [/] ->

sbt.PlayExceptions$CompilationException: Compilation error[cannot find symbol [symbol: method bindFormRequest()] [location: class play.mvc.Http.Request]]
	at sbt.PlayReloader$$anon$2$$anonfun$reload$2$$anonfun$apply$15$$anonfun$apply$16.apply(PlayReloader.scala:349) ~[na:na]
	at sbt.PlayReloader$$anon$2$$anonfun$reload$2$$anonfun$apply$15$$anonfun$apply$16.apply(PlayReloader.scala:349) ~[na:na]
	at scala.Option.map(Option.scala:133) ~[scala-library.jar:na]
	at sbt.PlayReloader$$anon$2$$anonfun$reload$2$$anonfun$apply$15.apply(PlayReloader.scala:349) ~[na:na]
	at sbt.PlayReloader$$anon$2$$anonfun$reload$2$$anonfun$apply$15.apply(PlayReloader.scala:346) ~[na:na]
	at scala.Option.map(Option.scala:133) ~[scala-library.jar:na]
	at sbt.PlayReloader$$anon$2$$anonfun$reload$2.apply(PlayReloader.scala:346) ~[na:na]
	at sbt.PlayReloader$$anon$2$$anonfun$reload$2.apply(PlayReloader.scala:344) ~[na:na]
	at scala.Either$LeftProjection.map(Either.scala:374) ~[na:na]
	at sbt.PlayReloader$$anon$2.reload(PlayReloader.scala:344) ~[na:na]
	at play.core.ReloadableApplication.get(ApplicationProvider.scala:98) ~[play_2.10.jar:2.1.1]
	at play.core.server.Server$class.sendHandler$1(Server.scala:56) [play_2.10.jar:2.1.1]
	at play.core.server.Server$$anonfun$getHandlerFor$4.apply(Server.scala:88) [play_2.10.jar:2.1.1]
	at play.core.server.Server$$anonfun$getHandlerFor$4.apply(Server.scala:87) [play_2.10.jar:2.1.1]
	at scala.util.Either$RightProjection.flatMap(Either.scala:523) [scala-library.jar:na]
	at play.core.server.Server$class.getHandlerFor(Server.scala:87) [play_2.10.jar:2.1.1]
	at play.core.server.NettyServer.getHandlerFor(NettyServer.scala:34) [play_2.10.jar:2.1.1]
	at play.core.server.netty.PlayDefaultUpstreamHandler$$anonfun$6.apply(PlayDefaultUpstreamHandler.scala:115) [play_2.10.jar:2.1.1]
	at play.core.server.netty.PlayDefaultUpstreamHandler$$anonfun$6.apply(PlayDefaultUpstreamHandler.scala:115) [play_2.10.jar:2.1.1]
	at scala.util.Either.fold(Either.scala:98) [scala-library.jar:na]
	at play.core.server.netty.PlayDefaultUpstreamHandler.messageReceived(PlayDefaultUpstreamHandler.scala:109) [play_2.10.jar:2.1.1]
	at org.jboss.netty.channel.SimpleChannelUpstreamHandler.handleUpstream(SimpleChannelUpstreamHandler.java:70) [netty.jar:na]
	at org.jboss.netty.channel.DefaultChannelPipeline.sendUpstream(DefaultChannelPipeline.java:560) [netty.jar:na]
	at org.jboss.netty.channel.DefaultChannelPipeline$DefaultChannelHandlerContext.sendUpstream(DefaultChannelPipeline.java:787) [netty.jar:na]
	at org.jboss.netty.handler.codec.http.HttpContentDecoder.messageReceived(HttpContentDecoder.java:108) [netty.jar:na]
	at org.jboss.netty.channel.SimpleChannelUpstreamHandler.handleUpstream(SimpleChannelUpstreamHandler.java:70) [netty.jar:na]
	at org.jboss.netty.channel.DefaultChannelPipeline.sendUpstream(DefaultChannelPipeline.java:560) [netty.jar:na]
	at org.jboss.netty.channel.DefaultChannelPipeline$DefaultChannelHandlerContext.sendUpstream(DefaultChannelPipeline.java:787) [netty.jar:na]
	at org.jboss.netty.channel.Channels.fireMessageReceived(Channels.java:296) [netty.jar:na]
	at org.jboss.netty.handler.codec.frame.FrameDecoder.unfoldAndFireMessageReceived(FrameDecoder.java:459) [netty.jar:na]
	at org.jboss.netty.handler.codec.replay.ReplayingDecoder.callDecode(ReplayingDecoder.java:536) [netty.jar:na]
	at org.jboss.netty.handler.codec.replay.ReplayingDecoder.messageReceived(ReplayingDecoder.java:435) [netty.jar:na]
	at org.jboss.netty.channel.SimpleChannelUpstreamHandler.handleUpstream(SimpleChannelUpstreamHandler.java:70) [netty.jar:na]
	at org.jboss.netty.channel.DefaultChannelPipeline.sendUpstream(DefaultChannelPipeline.java:560) [netty.jar:na]
	at org.jboss.netty.channel.DefaultChannelPipeline.sendUpstream(DefaultChannelPipeline.java:555) [netty.jar:na]
	at org.jboss.netty.channel.Channels.fireMessageReceived(Channels.java:268) [netty.jar:na]
	at org.jboss.netty.channel.Channels.fireMessageReceived(Channels.java:255) [netty.jar:na]
	at org.jboss.netty.channel.socket.nio.NioWorker.read(NioWorker.java:88) [netty.jar:na]
	at org.jboss.netty.channel.socket.nio.AbstractNioWorker.process(AbstractNioWorker.java:107) [netty.jar:na]
	at org.jboss.netty.channel.socket.nio.AbstractNioSelector.run(AbstractNioSelector.java:312) [netty.jar:na]
	at org.jboss.netty.channel.socket.nio.AbstractNioWorker.run(AbstractNioWorker.java:88) [netty.jar:na]
	at org.jboss.netty.channel.socket.nio.NioWorker.run(NioWorker.java:178) [netty.jar:na]
	at org.jboss.netty.util.ThreadRenamingRunnable.run(ThreadRenamingRunnable.java:108) [netty.jar:na]
	at org.jboss.netty.util.internal.DeadLockProofWorker$1.run(DeadLockProofWorker.java:42) [netty.jar:na]
	at java.util.concurrent.ThreadPoolExecutor.runWorker(ThreadPoolExecutor.java:1146) [na:1.6.0_27]
	at java.util.concurrent.ThreadPoolExecutor$Worker.run(ThreadPoolExecutor.java:615) [na:1.6.0_27]
	at java.lang.Thread.run(Thread.java:679) [na:1.6.0_27]

2013-04-19 21:27:42,174 - [ERROR] - from application in New I/O worker #2 


! @6e34b1m92 - Internal server error, for (GET) [/] ->

sbt.PlayExceptions$CompilationException: Compilation error[cannot find symbol [symbol: method form()] [location: class controllers.Application]]
	at sbt.PlayReloader$$anon$2$$anonfun$reload$2$$anonfun$apply$15$$anonfun$apply$16.apply(PlayReloader.scala:349) ~[na:na]
	at sbt.PlayReloader$$anon$2$$anonfun$reload$2$$anonfun$apply$15$$anonfun$apply$16.apply(PlayReloader.scala:349) ~[na:na]
	at scala.Option.map(Option.scala:133) ~[scala-library.jar:na]
	at sbt.PlayReloader$$anon$2$$anonfun$reload$2$$anonfun$apply$15.apply(PlayReloader.scala:349) ~[na:na]
	at sbt.PlayReloader$$anon$2$$anonfun$reload$2$$anonfun$apply$15.apply(PlayReloader.scala:346) ~[na:na]
	at scala.Option.map(Option.scala:133) ~[scala-library.jar:na]
	at sbt.PlayReloader$$anon$2$$anonfun$reload$2.apply(PlayReloader.scala:346) ~[na:na]
	at sbt.PlayReloader$$anon$2$$anonfun$reload$2.apply(PlayReloader.scala:344) ~[na:na]
	at scala.Either$LeftProjection.map(Either.scala:374) ~[na:na]
	at sbt.PlayReloader$$anon$2.reload(PlayReloader.scala:344) ~[na:na]
	at play.core.ReloadableApplication.get(ApplicationProvider.scala:98) ~[play_2.10.jar:2.1.1]
	at play.core.server.Server$class.sendHandler$1(Server.scala:56) [play_2.10.jar:2.1.1]
	at play.core.server.Server$$anonfun$getHandlerFor$4.apply(Server.scala:88) [play_2.10.jar:2.1.1]
	at play.core.server.Server$$anonfun$getHandlerFor$4.apply(Server.scala:87) [play_2.10.jar:2.1.1]
	at scala.util.Either$RightProjection.flatMap(Either.scala:523) [scala-library.jar:na]
	at play.core.server.Server$class.getHandlerFor(Server.scala:87) [play_2.10.jar:2.1.1]
	at play.core.server.NettyServer.getHandlerFor(NettyServer.scala:34) [play_2.10.jar:2.1.1]
	at play.core.server.netty.PlayDefaultUpstreamHandler$$anonfun$6.apply(PlayDefaultUpstreamHandler.scala:115) [play_2.10.jar:2.1.1]
	at play.core.server.netty.PlayDefaultUpstreamHandler$$anonfun$6.apply(PlayDefaultUpstreamHandler.scala:115) [play_2.10.jar:2.1.1]
	at scala.util.Either.fold(Either.scala:98) [scala-library.jar:na]
	at play.core.server.netty.PlayDefaultUpstreamHandler.messageReceived(PlayDefaultUpstreamHandler.scala:109) [play_2.10.jar:2.1.1]
	at org.jboss.netty.channel.SimpleChannelUpstreamHandler.handleUpstream(SimpleChannelUpstreamHandler.java:70) [netty.jar:na]
	at org.jboss.netty.channel.DefaultChannelPipeline.sendUpstream(DefaultChannelPipeline.java:560) [netty.jar:na]
	at org.jboss.netty.channel.DefaultChannelPipeline$DefaultChannelHandlerContext.sendUpstream(DefaultChannelPipeline.java:787) [netty.jar:na]
	at org.jboss.netty.handler.codec.http.HttpContentDecoder.messageReceived(HttpContentDecoder.java:108) [netty.jar:na]
	at org.jboss.netty.channel.SimpleChannelUpstreamHandler.handleUpstream(SimpleChannelUpstreamHandler.java:70) [netty.jar:na]
	at org.jboss.netty.channel.DefaultChannelPipeline.sendUpstream(DefaultChannelPipeline.java:560) [netty.jar:na]
	at org.jboss.netty.channel.DefaultChannelPipeline$DefaultChannelHandlerContext.sendUpstream(DefaultChannelPipeline.java:787) [netty.jar:na]
	at org.jboss.netty.channel.Channels.fireMessageReceived(Channels.java:296) [netty.jar:na]
	at org.jboss.netty.handler.codec.frame.FrameDecoder.unfoldAndFireMessageReceived(FrameDecoder.java:459) [netty.jar:na]
	at org.jboss.netty.handler.codec.replay.ReplayingDecoder.callDecode(ReplayingDecoder.java:536) [netty.jar:na]
	at org.jboss.netty.handler.codec.replay.ReplayingDecoder.messageReceived(ReplayingDecoder.java:435) [netty.jar:na]
	at org.jboss.netty.channel.SimpleChannelUpstreamHandler.handleUpstream(SimpleChannelUpstreamHandler.java:70) [netty.jar:na]
	at org.jboss.netty.channel.DefaultChannelPipeline.sendUpstream(DefaultChannelPipeline.java:560) [netty.jar:na]
	at org.jboss.netty.channel.DefaultChannelPipeline.sendUpstream(DefaultChannelPipeline.java:555) [netty.jar:na]
	at org.jboss.netty.channel.Channels.fireMessageReceived(Channels.java:268) [netty.jar:na]
	at org.jboss.netty.channel.Channels.fireMessageReceived(Channels.java:255) [netty.jar:na]
	at org.jboss.netty.channel.socket.nio.NioWorker.read(NioWorker.java:88) [netty.jar:na]
	at org.jboss.netty.channel.socket.nio.AbstractNioWorker.process(AbstractNioWorker.java:107) [netty.jar:na]
	at org.jboss.netty.channel.socket.nio.AbstractNioSelector.run(AbstractNioSelector.java:312) [netty.jar:na]
	at org.jboss.netty.channel.socket.nio.AbstractNioWorker.run(AbstractNioWorker.java:88) [netty.jar:na]
	at org.jboss.netty.channel.socket.nio.NioWorker.run(NioWorker.java:178) [netty.jar:na]
	at org.jboss.netty.util.ThreadRenamingRunnable.run(ThreadRenamingRunnable.java:108) [netty.jar:na]
	at org.jboss.netty.util.internal.DeadLockProofWorker$1.run(DeadLockProofWorker.java:42) [netty.jar:na]
	at java.util.concurrent.ThreadPoolExecutor.runWorker(ThreadPoolExecutor.java:1146) [na:1.6.0_27]
	at java.util.concurrent.ThreadPoolExecutor$Worker.run(ThreadPoolExecutor.java:615) [na:1.6.0_27]
	at java.lang.Thread.run(Thread.java:679) [na:1.6.0_27]

2013-04-19 21:31:11,049 - [ERROR] - from application in New I/O worker #2 


! @6e34bdj8j - Internal server error, for (GET) [/] ->

sbt.PlayExceptions$CompilationException: Compilation error[cannot find symbol [symbol: variable form] [location: class controllers.Application]]
	at sbt.PlayReloader$$anon$2$$anonfun$reload$2$$anonfun$apply$15$$anonfun$apply$16.apply(PlayReloader.scala:349) ~[na:na]
	at sbt.PlayReloader$$anon$2$$anonfun$reload$2$$anonfun$apply$15$$anonfun$apply$16.apply(PlayReloader.scala:349) ~[na:na]
	at scala.Option.map(Option.scala:133) ~[scala-library.jar:na]
	at sbt.PlayReloader$$anon$2$$anonfun$reload$2$$anonfun$apply$15.apply(PlayReloader.scala:349) ~[na:na]
	at sbt.PlayReloader$$anon$2$$anonfun$reload$2$$anonfun$apply$15.apply(PlayReloader.scala:346) ~[na:na]
	at scala.Option.map(Option.scala:133) ~[scala-library.jar:na]
	at sbt.PlayReloader$$anon$2$$anonfun$reload$2.apply(PlayReloader.scala:346) ~[na:na]
	at sbt.PlayReloader$$anon$2$$anonfun$reload$2.apply(PlayReloader.scala:344) ~[na:na]
	at scala.Either$LeftProjection.map(Either.scala:374) ~[na:na]
	at sbt.PlayReloader$$anon$2.reload(PlayReloader.scala:344) ~[na:na]
	at play.core.ReloadableApplication.get(ApplicationProvider.scala:98) ~[play_2.10.jar:2.1.1]
	at play.core.server.Server$class.sendHandler$1(Server.scala:56) [play_2.10.jar:2.1.1]
	at play.core.server.Server$$anonfun$getHandlerFor$4.apply(Server.scala:88) [play_2.10.jar:2.1.1]
	at play.core.server.Server$$anonfun$getHandlerFor$4.apply(Server.scala:87) [play_2.10.jar:2.1.1]
	at scala.util.Either$RightProjection.flatMap(Either.scala:523) [scala-library.jar:na]
	at play.core.server.Server$class.getHandlerFor(Server.scala:87) [play_2.10.jar:2.1.1]
	at play.core.server.NettyServer.getHandlerFor(NettyServer.scala:34) [play_2.10.jar:2.1.1]
	at play.core.server.netty.PlayDefaultUpstreamHandler$$anonfun$6.apply(PlayDefaultUpstreamHandler.scala:115) [play_2.10.jar:2.1.1]
	at play.core.server.netty.PlayDefaultUpstreamHandler$$anonfun$6.apply(PlayDefaultUpstreamHandler.scala:115) [play_2.10.jar:2.1.1]
	at scala.util.Either.fold(Either.scala:98) [scala-library.jar:na]
	at play.core.server.netty.PlayDefaultUpstreamHandler.messageReceived(PlayDefaultUpstreamHandler.scala:109) [play_2.10.jar:2.1.1]
	at org.jboss.netty.channel.SimpleChannelUpstreamHandler.handleUpstream(SimpleChannelUpstreamHandler.java:70) [netty.jar:na]
	at org.jboss.netty.channel.DefaultChannelPipeline.sendUpstream(DefaultChannelPipeline.java:560) [netty.jar:na]
	at org.jboss.netty.channel.DefaultChannelPipeline$DefaultChannelHandlerContext.sendUpstream(DefaultChannelPipeline.java:787) [netty.jar:na]
	at org.jboss.netty.handler.codec.http.HttpContentDecoder.messageReceived(HttpContentDecoder.java:108) [netty.jar:na]
	at org.jboss.netty.channel.SimpleChannelUpstreamHandler.handleUpstream(SimpleChannelUpstreamHandler.java:70) [netty.jar:na]
	at org.jboss.netty.channel.DefaultChannelPipeline.sendUpstream(DefaultChannelPipeline.java:560) [netty.jar:na]
	at org.jboss.netty.channel.DefaultChannelPipeline$DefaultChannelHandlerContext.sendUpstream(DefaultChannelPipeline.java:787) [netty.jar:na]
	at org.jboss.netty.channel.Channels.fireMessageReceived(Channels.java:296) [netty.jar:na]
	at org.jboss.netty.handler.codec.frame.FrameDecoder.unfoldAndFireMessageReceived(FrameDecoder.java:459) [netty.jar:na]
	at org.jboss.netty.handler.codec.replay.ReplayingDecoder.callDecode(ReplayingDecoder.java:536) [netty.jar:na]
	at org.jboss.netty.handler.codec.replay.ReplayingDecoder.messageReceived(ReplayingDecoder.java:435) [netty.jar:na]
	at org.jboss.netty.channel.SimpleChannelUpstreamHandler.handleUpstream(SimpleChannelUpstreamHandler.java:70) [netty.jar:na]
	at org.jboss.netty.channel.DefaultChannelPipeline.sendUpstream(DefaultChannelPipeline.java:560) [netty.jar:na]
	at org.jboss.netty.channel.DefaultChannelPipeline.sendUpstream(DefaultChannelPipeline.java:555) [netty.jar:na]
	at org.jboss.netty.channel.Channels.fireMessageReceived(Channels.java:268) [netty.jar:na]
	at org.jboss.netty.channel.Channels.fireMessageReceived(Channels.java:255) [netty.jar:na]
	at org.jboss.netty.channel.socket.nio.NioWorker.read(NioWorker.java:88) [netty.jar:na]
	at org.jboss.netty.channel.socket.nio.AbstractNioWorker.process(AbstractNioWorker.java:107) [netty.jar:na]
	at org.jboss.netty.channel.socket.nio.AbstractNioSelector.run(AbstractNioSelector.java:312) [netty.jar:na]
	at org.jboss.netty.channel.socket.nio.AbstractNioWorker.run(AbstractNioWorker.java:88) [netty.jar:na]
	at org.jboss.netty.channel.socket.nio.NioWorker.run(NioWorker.java:178) [netty.jar:na]
	at org.jboss.netty.util.ThreadRenamingRunnable.run(ThreadRenamingRunnable.java:108) [netty.jar:na]
	at org.jboss.netty.util.internal.DeadLockProofWorker$1.run(DeadLockProofWorker.java:42) [netty.jar:na]
	at java.util.concurrent.ThreadPoolExecutor.runWorker(ThreadPoolExecutor.java:1146) [na:1.6.0_27]
	at java.util.concurrent.ThreadPoolExecutor$Worker.run(ThreadPoolExecutor.java:615) [na:1.6.0_27]
	at java.lang.Thread.run(Thread.java:679) [na:1.6.0_27]

2013-04-19 21:31:26,724 - [ERROR] - from application in New I/O worker #2 


! @6e34begdg - Internal server error, for (GET) [/] ->

sbt.PlayExceptions$CompilationException: Compilation error[cannot find symbol [symbol: method bindFormRequest()] [location: class play.data.Form]]
	at sbt.PlayReloader$$anon$2$$anonfun$reload$2$$anonfun$apply$15$$anonfun$apply$16.apply(PlayReloader.scala:349) ~[na:na]
	at sbt.PlayReloader$$anon$2$$anonfun$reload$2$$anonfun$apply$15$$anonfun$apply$16.apply(PlayReloader.scala:349) ~[na:na]
	at scala.Option.map(Option.scala:133) ~[scala-library.jar:na]
	at sbt.PlayReloader$$anon$2$$anonfun$reload$2$$anonfun$apply$15.apply(PlayReloader.scala:349) ~[na:na]
	at sbt.PlayReloader$$anon$2$$anonfun$reload$2$$anonfun$apply$15.apply(PlayReloader.scala:346) ~[na:na]
	at scala.Option.map(Option.scala:133) ~[scala-library.jar:na]
	at sbt.PlayReloader$$anon$2$$anonfun$reload$2.apply(PlayReloader.scala:346) ~[na:na]
	at sbt.PlayReloader$$anon$2$$anonfun$reload$2.apply(PlayReloader.scala:344) ~[na:na]
	at scala.Either$LeftProjection.map(Either.scala:374) ~[na:na]
	at sbt.PlayReloader$$anon$2.reload(PlayReloader.scala:344) ~[na:na]
	at play.core.ReloadableApplication.get(ApplicationProvider.scala:98) ~[play_2.10.jar:2.1.1]
	at play.core.server.Server$class.sendHandler$1(Server.scala:56) [play_2.10.jar:2.1.1]
	at play.core.server.Server$$anonfun$getHandlerFor$4.apply(Server.scala:88) [play_2.10.jar:2.1.1]
	at play.core.server.Server$$anonfun$getHandlerFor$4.apply(Server.scala:87) [play_2.10.jar:2.1.1]
	at scala.util.Either$RightProjection.flatMap(Either.scala:523) [scala-library.jar:na]
	at play.core.server.Server$class.getHandlerFor(Server.scala:87) [play_2.10.jar:2.1.1]
	at play.core.server.NettyServer.getHandlerFor(NettyServer.scala:34) [play_2.10.jar:2.1.1]
	at play.core.server.netty.PlayDefaultUpstreamHandler$$anonfun$6.apply(PlayDefaultUpstreamHandler.scala:115) [play_2.10.jar:2.1.1]
	at play.core.server.netty.PlayDefaultUpstreamHandler$$anonfun$6.apply(PlayDefaultUpstreamHandler.scala:115) [play_2.10.jar:2.1.1]
	at scala.util.Either.fold(Either.scala:98) [scala-library.jar:na]
	at play.core.server.netty.PlayDefaultUpstreamHandler.messageReceived(PlayDefaultUpstreamHandler.scala:109) [play_2.10.jar:2.1.1]
	at org.jboss.netty.channel.SimpleChannelUpstreamHandler.handleUpstream(SimpleChannelUpstreamHandler.java:70) [netty.jar:na]
	at org.jboss.netty.channel.DefaultChannelPipeline.sendUpstream(DefaultChannelPipeline.java:560) [netty.jar:na]
	at org.jboss.netty.channel.DefaultChannelPipeline$DefaultChannelHandlerContext.sendUpstream(DefaultChannelPipeline.java:787) [netty.jar:na]
	at org.jboss.netty.handler.codec.http.HttpContentDecoder.messageReceived(HttpContentDecoder.java:108) [netty.jar:na]
	at org.jboss.netty.channel.SimpleChannelUpstreamHandler.handleUpstream(SimpleChannelUpstreamHandler.java:70) [netty.jar:na]
	at org.jboss.netty.channel.DefaultChannelPipeline.sendUpstream(DefaultChannelPipeline.java:560) [netty.jar:na]
	at org.jboss.netty.channel.DefaultChannelPipeline$DefaultChannelHandlerContext.sendUpstream(DefaultChannelPipeline.java:787) [netty.jar:na]
	at org.jboss.netty.channel.Channels.fireMessageReceived(Channels.java:296) [netty.jar:na]
	at org.jboss.netty.handler.codec.frame.FrameDecoder.unfoldAndFireMessageReceived(FrameDecoder.java:459) [netty.jar:na]
	at org.jboss.netty.handler.codec.replay.ReplayingDecoder.callDecode(ReplayingDecoder.java:536) [netty.jar:na]
	at org.jboss.netty.handler.codec.replay.ReplayingDecoder.messageReceived(ReplayingDecoder.java:435) [netty.jar:na]
	at org.jboss.netty.channel.SimpleChannelUpstreamHandler.handleUpstream(SimpleChannelUpstreamHandler.java:70) [netty.jar:na]
	at org.jboss.netty.channel.DefaultChannelPipeline.sendUpstream(DefaultChannelPipeline.java:560) [netty.jar:na]
	at org.jboss.netty.channel.DefaultChannelPipeline.sendUpstream(DefaultChannelPipeline.java:555) [netty.jar:na]
	at org.jboss.netty.channel.Channels.fireMessageReceived(Channels.java:268) [netty.jar:na]
	at org.jboss.netty.channel.Channels.fireMessageReceived(Channels.java:255) [netty.jar:na]
	at org.jboss.netty.channel.socket.nio.NioWorker.read(NioWorker.java:88) [netty.jar:na]
	at org.jboss.netty.channel.socket.nio.AbstractNioWorker.process(AbstractNioWorker.java:107) [netty.jar:na]
	at org.jboss.netty.channel.socket.nio.AbstractNioSelector.run(AbstractNioSelector.java:312) [netty.jar:na]
	at org.jboss.netty.channel.socket.nio.AbstractNioWorker.run(AbstractNioWorker.java:88) [netty.jar:na]
	at org.jboss.netty.channel.socket.nio.NioWorker.run(NioWorker.java:178) [netty.jar:na]
	at org.jboss.netty.util.ThreadRenamingRunnable.run(ThreadRenamingRunnable.java:108) [netty.jar:na]
	at org.jboss.netty.util.internal.DeadLockProofWorker$1.run(DeadLockProofWorker.java:42) [netty.jar:na]
	at java.util.concurrent.ThreadPoolExecutor.runWorker(ThreadPoolExecutor.java:1146) [na:1.6.0_27]
	at java.util.concurrent.ThreadPoolExecutor$Worker.run(ThreadPoolExecutor.java:615) [na:1.6.0_27]
	at java.lang.Thread.run(Thread.java:679) [na:1.6.0_27]

2013-04-19 21:31:43,088 - [ERROR] - from application in New I/O worker #2 


! @6e34bfej0 - Internal server error, for (GET) [/] ->

sbt.PlayExceptions$CompilationException: Compilation error[cannot find symbol [symbol: method Form()] [location: class controllers.Application]]
	at sbt.PlayReloader$$anon$2$$anonfun$reload$2$$anonfun$apply$15$$anonfun$apply$16.apply(PlayReloader.scala:349) ~[na:na]
	at sbt.PlayReloader$$anon$2$$anonfun$reload$2$$anonfun$apply$15$$anonfun$apply$16.apply(PlayReloader.scala:349) ~[na:na]
	at scala.Option.map(Option.scala:133) ~[scala-library.jar:na]
	at sbt.PlayReloader$$anon$2$$anonfun$reload$2$$anonfun$apply$15.apply(PlayReloader.scala:349) ~[na:na]
	at sbt.PlayReloader$$anon$2$$anonfun$reload$2$$anonfun$apply$15.apply(PlayReloader.scala:346) ~[na:na]
	at scala.Option.map(Option.scala:133) ~[scala-library.jar:na]
	at sbt.PlayReloader$$anon$2$$anonfun$reload$2.apply(PlayReloader.scala:346) ~[na:na]
	at sbt.PlayReloader$$anon$2$$anonfun$reload$2.apply(PlayReloader.scala:344) ~[na:na]
	at scala.Either$LeftProjection.map(Either.scala:374) ~[na:na]
	at sbt.PlayReloader$$anon$2.reload(PlayReloader.scala:344) ~[na:na]
	at play.core.ReloadableApplication.get(ApplicationProvider.scala:98) ~[play_2.10.jar:2.1.1]
	at play.core.server.Server$class.sendHandler$1(Server.scala:56) [play_2.10.jar:2.1.1]
	at play.core.server.Server$$anonfun$getHandlerFor$4.apply(Server.scala:88) [play_2.10.jar:2.1.1]
	at play.core.server.Server$$anonfun$getHandlerFor$4.apply(Server.scala:87) [play_2.10.jar:2.1.1]
	at scala.util.Either$RightProjection.flatMap(Either.scala:523) [scala-library.jar:na]
	at play.core.server.Server$class.getHandlerFor(Server.scala:87) [play_2.10.jar:2.1.1]
	at play.core.server.NettyServer.getHandlerFor(NettyServer.scala:34) [play_2.10.jar:2.1.1]
	at play.core.server.netty.PlayDefaultUpstreamHandler$$anonfun$6.apply(PlayDefaultUpstreamHandler.scala:115) [play_2.10.jar:2.1.1]
	at play.core.server.netty.PlayDefaultUpstreamHandler$$anonfun$6.apply(PlayDefaultUpstreamHandler.scala:115) [play_2.10.jar:2.1.1]
	at scala.util.Either.fold(Either.scala:98) [scala-library.jar:na]
	at play.core.server.netty.PlayDefaultUpstreamHandler.messageReceived(PlayDefaultUpstreamHandler.scala:109) [play_2.10.jar:2.1.1]
	at org.jboss.netty.channel.SimpleChannelUpstreamHandler.handleUpstream(SimpleChannelUpstreamHandler.java:70) [netty.jar:na]
	at org.jboss.netty.channel.DefaultChannelPipeline.sendUpstream(DefaultChannelPipeline.java:560) [netty.jar:na]
	at org.jboss.netty.channel.DefaultChannelPipeline$DefaultChannelHandlerContext.sendUpstream(DefaultChannelPipeline.java:787) [netty.jar:na]
	at org.jboss.netty.handler.codec.http.HttpContentDecoder.messageReceived(HttpContentDecoder.java:108) [netty.jar:na]
	at org.jboss.netty.channel.SimpleChannelUpstreamHandler.handleUpstream(SimpleChannelUpstreamHandler.java:70) [netty.jar:na]
	at org.jboss.netty.channel.DefaultChannelPipeline.sendUpstream(DefaultChannelPipeline.java:560) [netty.jar:na]
	at org.jboss.netty.channel.DefaultChannelPipeline$DefaultChannelHandlerContext.sendUpstream(DefaultChannelPipeline.java:787) [netty.jar:na]
	at org.jboss.netty.channel.Channels.fireMessageReceived(Channels.java:296) [netty.jar:na]
	at org.jboss.netty.handler.codec.frame.FrameDecoder.unfoldAndFireMessageReceived(FrameDecoder.java:459) [netty.jar:na]
	at org.jboss.netty.handler.codec.replay.ReplayingDecoder.callDecode(ReplayingDecoder.java:536) [netty.jar:na]
	at org.jboss.netty.handler.codec.replay.ReplayingDecoder.messageReceived(ReplayingDecoder.java:435) [netty.jar:na]
	at org.jboss.netty.channel.SimpleChannelUpstreamHandler.handleUpstream(SimpleChannelUpstreamHandler.java:70) [netty.jar:na]
	at org.jboss.netty.channel.DefaultChannelPipeline.sendUpstream(DefaultChannelPipeline.java:560) [netty.jar:na]
	at org.jboss.netty.channel.DefaultChannelPipeline.sendUpstream(DefaultChannelPipeline.java:555) [netty.jar:na]
	at org.jboss.netty.channel.Channels.fireMessageReceived(Channels.java:268) [netty.jar:na]
	at org.jboss.netty.channel.Channels.fireMessageReceived(Channels.java:255) [netty.jar:na]
	at org.jboss.netty.channel.socket.nio.NioWorker.read(NioWorker.java:88) [netty.jar:na]
	at org.jboss.netty.channel.socket.nio.AbstractNioWorker.process(AbstractNioWorker.java:107) [netty.jar:na]
	at org.jboss.netty.channel.socket.nio.AbstractNioSelector.run(AbstractNioSelector.java:312) [netty.jar:na]
	at org.jboss.netty.channel.socket.nio.AbstractNioWorker.run(AbstractNioWorker.java:88) [netty.jar:na]
	at org.jboss.netty.channel.socket.nio.NioWorker.run(NioWorker.java:178) [netty.jar:na]
	at org.jboss.netty.util.ThreadRenamingRunnable.run(ThreadRenamingRunnable.java:108) [netty.jar:na]
	at org.jboss.netty.util.internal.DeadLockProofWorker$1.run(DeadLockProofWorker.java:42) [netty.jar:na]
	at java.util.concurrent.ThreadPoolExecutor.runWorker(ThreadPoolExecutor.java:1146) [na:1.6.0_27]
	at java.util.concurrent.ThreadPoolExecutor$Worker.run(ThreadPoolExecutor.java:615) [na:1.6.0_27]
	at java.lang.Thread.run(Thread.java:679) [na:1.6.0_27]

2013-04-19 21:33:14,170 - [ERROR] - from application in New I/O worker #2 


! @6e34bkjc4 - Internal server error, for (GET) [/] ->

sbt.PlayExceptions$CompilationException: Compilation error[cannot find symbol [symbol: method bindFormRequest()] [location: class play.data.DynamicForm]]
	at sbt.PlayReloader$$anon$2$$anonfun$reload$2$$anonfun$apply$15$$anonfun$apply$16.apply(PlayReloader.scala:349) ~[na:na]
	at sbt.PlayReloader$$anon$2$$anonfun$reload$2$$anonfun$apply$15$$anonfun$apply$16.apply(PlayReloader.scala:349) ~[na:na]
	at scala.Option.map(Option.scala:133) ~[scala-library.jar:na]
	at sbt.PlayReloader$$anon$2$$anonfun$reload$2$$anonfun$apply$15.apply(PlayReloader.scala:349) ~[na:na]
	at sbt.PlayReloader$$anon$2$$anonfun$reload$2$$anonfun$apply$15.apply(PlayReloader.scala:346) ~[na:na]
	at scala.Option.map(Option.scala:133) ~[scala-library.jar:na]
	at sbt.PlayReloader$$anon$2$$anonfun$reload$2.apply(PlayReloader.scala:346) ~[na:na]
	at sbt.PlayReloader$$anon$2$$anonfun$reload$2.apply(PlayReloader.scala:344) ~[na:na]
	at scala.Either$LeftProjection.map(Either.scala:374) ~[na:na]
	at sbt.PlayReloader$$anon$2.reload(PlayReloader.scala:344) ~[na:na]
	at play.core.ReloadableApplication.get(ApplicationProvider.scala:98) ~[play_2.10.jar:2.1.1]
	at play.core.server.Server$class.sendHandler$1(Server.scala:56) [play_2.10.jar:2.1.1]
	at play.core.server.Server$$anonfun$getHandlerFor$4.apply(Server.scala:88) [play_2.10.jar:2.1.1]
	at play.core.server.Server$$anonfun$getHandlerFor$4.apply(Server.scala:87) [play_2.10.jar:2.1.1]
	at scala.util.Either$RightProjection.flatMap(Either.scala:523) [scala-library.jar:na]
	at play.core.server.Server$class.getHandlerFor(Server.scala:87) [play_2.10.jar:2.1.1]
	at play.core.server.NettyServer.getHandlerFor(NettyServer.scala:34) [play_2.10.jar:2.1.1]
	at play.core.server.netty.PlayDefaultUpstreamHandler$$anonfun$6.apply(PlayDefaultUpstreamHandler.scala:115) [play_2.10.jar:2.1.1]
	at play.core.server.netty.PlayDefaultUpstreamHandler$$anonfun$6.apply(PlayDefaultUpstreamHandler.scala:115) [play_2.10.jar:2.1.1]
	at scala.util.Either.fold(Either.scala:98) [scala-library.jar:na]
	at play.core.server.netty.PlayDefaultUpstreamHandler.messageReceived(PlayDefaultUpstreamHandler.scala:109) [play_2.10.jar:2.1.1]
	at org.jboss.netty.channel.SimpleChannelUpstreamHandler.handleUpstream(SimpleChannelUpstreamHandler.java:70) [netty.jar:na]
	at org.jboss.netty.channel.DefaultChannelPipeline.sendUpstream(DefaultChannelPipeline.java:560) [netty.jar:na]
	at org.jboss.netty.channel.DefaultChannelPipeline$DefaultChannelHandlerContext.sendUpstream(DefaultChannelPipeline.java:787) [netty.jar:na]
	at org.jboss.netty.handler.codec.http.HttpContentDecoder.messageReceived(HttpContentDecoder.java:108) [netty.jar:na]
	at org.jboss.netty.channel.SimpleChannelUpstreamHandler.handleUpstream(SimpleChannelUpstreamHandler.java:70) [netty.jar:na]
	at org.jboss.netty.channel.DefaultChannelPipeline.sendUpstream(DefaultChannelPipeline.java:560) [netty.jar:na]
	at org.jboss.netty.channel.DefaultChannelPipeline$DefaultChannelHandlerContext.sendUpstream(DefaultChannelPipeline.java:787) [netty.jar:na]
	at org.jboss.netty.channel.Channels.fireMessageReceived(Channels.java:296) [netty.jar:na]
	at org.jboss.netty.handler.codec.frame.FrameDecoder.unfoldAndFireMessageReceived(FrameDecoder.java:459) [netty.jar:na]
	at org.jboss.netty.handler.codec.replay.ReplayingDecoder.callDecode(ReplayingDecoder.java:536) [netty.jar:na]
	at org.jboss.netty.handler.codec.replay.ReplayingDecoder.messageReceived(ReplayingDecoder.java:435) [netty.jar:na]
	at org.jboss.netty.channel.SimpleChannelUpstreamHandler.handleUpstream(SimpleChannelUpstreamHandler.java:70) [netty.jar:na]
	at org.jboss.netty.channel.DefaultChannelPipeline.sendUpstream(DefaultChannelPipeline.java:560) [netty.jar:na]
	at org.jboss.netty.channel.DefaultChannelPipeline.sendUpstream(DefaultChannelPipeline.java:555) [netty.jar:na]
	at org.jboss.netty.channel.Channels.fireMessageReceived(Channels.java:268) [netty.jar:na]
	at org.jboss.netty.channel.Channels.fireMessageReceived(Channels.java:255) [netty.jar:na]
	at org.jboss.netty.channel.socket.nio.NioWorker.read(NioWorker.java:88) [netty.jar:na]
	at org.jboss.netty.channel.socket.nio.AbstractNioWorker.process(AbstractNioWorker.java:107) [netty.jar:na]
	at org.jboss.netty.channel.socket.nio.AbstractNioSelector.run(AbstractNioSelector.java:312) [netty.jar:na]
	at org.jboss.netty.channel.socket.nio.AbstractNioWorker.run(AbstractNioWorker.java:88) [netty.jar:na]
	at org.jboss.netty.channel.socket.nio.NioWorker.run(NioWorker.java:178) [netty.jar:na]
	at org.jboss.netty.util.ThreadRenamingRunnable.run(ThreadRenamingRunnable.java:108) [netty.jar:na]
	at org.jboss.netty.util.internal.DeadLockProofWorker$1.run(DeadLockProofWorker.java:42) [netty.jar:na]
	at java.util.concurrent.ThreadPoolExecutor.runWorker(ThreadPoolExecutor.java:1146) [na:1.6.0_27]
	at java.util.concurrent.ThreadPoolExecutor$Worker.run(ThreadPoolExecutor.java:615) [na:1.6.0_27]
	at java.lang.Thread.run(Thread.java:679) [na:1.6.0_27]

2013-04-19 21:34:47,800 - [ERROR] - from application in New I/O worker #2 


! @6e34c01p7 - Internal server error, for (GET) [/] ->

sbt.PlayExceptions$CompilationException: Compilation error[cannot find symbol [symbol: method bindFormRequest()] [location: class play.data.DynamicForm]]
	at sbt.PlayReloader$$anon$2$$anonfun$reload$2$$anonfun$apply$15$$anonfun$apply$16.apply(PlayReloader.scala:349) ~[na:na]
	at sbt.PlayReloader$$anon$2$$anonfun$reload$2$$anonfun$apply$15$$anonfun$apply$16.apply(PlayReloader.scala:349) ~[na:na]
	at scala.Option.map(Option.scala:133) ~[scala-library.jar:na]
	at sbt.PlayReloader$$anon$2$$anonfun$reload$2$$anonfun$apply$15.apply(PlayReloader.scala:349) ~[na:na]
	at sbt.PlayReloader$$anon$2$$anonfun$reload$2$$anonfun$apply$15.apply(PlayReloader.scala:346) ~[na:na]
	at scala.Option.map(Option.scala:133) ~[scala-library.jar:na]
	at sbt.PlayReloader$$anon$2$$anonfun$reload$2.apply(PlayReloader.scala:346) ~[na:na]
	at sbt.PlayReloader$$anon$2$$anonfun$reload$2.apply(PlayReloader.scala:344) ~[na:na]
	at scala.Either$LeftProjection.map(Either.scala:374) ~[na:na]
	at sbt.PlayReloader$$anon$2.reload(PlayReloader.scala:344) ~[na:na]
	at play.core.ReloadableApplication.get(ApplicationProvider.scala:98) ~[play_2.10.jar:2.1.1]
	at play.core.server.Server$class.sendHandler$1(Server.scala:56) [play_2.10.jar:2.1.1]
	at play.core.server.Server$$anonfun$getHandlerFor$4.apply(Server.scala:88) [play_2.10.jar:2.1.1]
	at play.core.server.Server$$anonfun$getHandlerFor$4.apply(Server.scala:87) [play_2.10.jar:2.1.1]
	at scala.util.Either$RightProjection.flatMap(Either.scala:523) [scala-library.jar:na]
	at play.core.server.Server$class.getHandlerFor(Server.scala:87) [play_2.10.jar:2.1.1]
	at play.core.server.NettyServer.getHandlerFor(NettyServer.scala:34) [play_2.10.jar:2.1.1]
	at play.core.server.netty.PlayDefaultUpstreamHandler$$anonfun$6.apply(PlayDefaultUpstreamHandler.scala:115) [play_2.10.jar:2.1.1]
	at play.core.server.netty.PlayDefaultUpstreamHandler$$anonfun$6.apply(PlayDefaultUpstreamHandler.scala:115) [play_2.10.jar:2.1.1]
	at scala.util.Either.fold(Either.scala:98) [scala-library.jar:na]
	at play.core.server.netty.PlayDefaultUpstreamHandler.messageReceived(PlayDefaultUpstreamHandler.scala:109) [play_2.10.jar:2.1.1]
	at org.jboss.netty.channel.SimpleChannelUpstreamHandler.handleUpstream(SimpleChannelUpstreamHandler.java:70) [netty.jar:na]
	at org.jboss.netty.channel.DefaultChannelPipeline.sendUpstream(DefaultChannelPipeline.java:560) [netty.jar:na]
	at org.jboss.netty.channel.DefaultChannelPipeline$DefaultChannelHandlerContext.sendUpstream(DefaultChannelPipeline.java:787) [netty.jar:na]
	at org.jboss.netty.handler.codec.http.HttpContentDecoder.messageReceived(HttpContentDecoder.java:108) [netty.jar:na]
	at org.jboss.netty.channel.SimpleChannelUpstreamHandler.handleUpstream(SimpleChannelUpstreamHandler.java:70) [netty.jar:na]
	at org.jboss.netty.channel.DefaultChannelPipeline.sendUpstream(DefaultChannelPipeline.java:560) [netty.jar:na]
	at org.jboss.netty.channel.DefaultChannelPipeline$DefaultChannelHandlerContext.sendUpstream(DefaultChannelPipeline.java:787) [netty.jar:na]
	at org.jboss.netty.channel.Channels.fireMessageReceived(Channels.java:296) [netty.jar:na]
	at org.jboss.netty.handler.codec.frame.FrameDecoder.unfoldAndFireMessageReceived(FrameDecoder.java:459) [netty.jar:na]
	at org.jboss.netty.handler.codec.replay.ReplayingDecoder.callDecode(ReplayingDecoder.java:536) [netty.jar:na]
	at org.jboss.netty.handler.codec.replay.ReplayingDecoder.messageReceived(ReplayingDecoder.java:435) [netty.jar:na]
	at org.jboss.netty.channel.SimpleChannelUpstreamHandler.handleUpstream(SimpleChannelUpstreamHandler.java:70) [netty.jar:na]
	at org.jboss.netty.channel.DefaultChannelPipeline.sendUpstream(DefaultChannelPipeline.java:560) [netty.jar:na]
	at org.jboss.netty.channel.DefaultChannelPipeline.sendUpstream(DefaultChannelPipeline.java:555) [netty.jar:na]
	at org.jboss.netty.channel.Channels.fireMessageReceived(Channels.java:268) [netty.jar:na]
	at org.jboss.netty.channel.Channels.fireMessageReceived(Channels.java:255) [netty.jar:na]
	at org.jboss.netty.channel.socket.nio.NioWorker.read(NioWorker.java:88) [netty.jar:na]
	at org.jboss.netty.channel.socket.nio.AbstractNioWorker.process(AbstractNioWorker.java:107) [netty.jar:na]
	at org.jboss.netty.channel.socket.nio.AbstractNioSelector.run(AbstractNioSelector.java:312) [netty.jar:na]
	at org.jboss.netty.channel.socket.nio.AbstractNioWorker.run(AbstractNioWorker.java:88) [netty.jar:na]
	at org.jboss.netty.channel.socket.nio.NioWorker.run(NioWorker.java:178) [netty.jar:na]
	at org.jboss.netty.util.ThreadRenamingRunnable.run(ThreadRenamingRunnable.java:108) [netty.jar:na]
	at org.jboss.netty.util.internal.DeadLockProofWorker$1.run(DeadLockProofWorker.java:42) [netty.jar:na]
	at java.util.concurrent.ThreadPoolExecutor.runWorker(ThreadPoolExecutor.java:1146) [na:1.6.0_27]
	at java.util.concurrent.ThreadPoolExecutor$Worker.run(ThreadPoolExecutor.java:615) [na:1.6.0_27]
	at java.lang.Thread.run(Thread.java:679) [na:1.6.0_27]

2013-04-19 21:35:24,937 - [ERROR] - from application in New I/O worker #2 


! @6e34c24nh - Internal server error, for (GET) [/] ->

sbt.PlayExceptions$CompilationException: Compilation error[cannot find symbol [symbol: method form()] [location: class controllers.Application]]
	at sbt.PlayReloader$$anon$2$$anonfun$reload$2$$anonfun$apply$15$$anonfun$apply$16.apply(PlayReloader.scala:349) ~[na:na]
	at sbt.PlayReloader$$anon$2$$anonfun$reload$2$$anonfun$apply$15$$anonfun$apply$16.apply(PlayReloader.scala:349) ~[na:na]
	at scala.Option.map(Option.scala:133) ~[scala-library.jar:na]
	at sbt.PlayReloader$$anon$2$$anonfun$reload$2$$anonfun$apply$15.apply(PlayReloader.scala:349) ~[na:na]
	at sbt.PlayReloader$$anon$2$$anonfun$reload$2$$anonfun$apply$15.apply(PlayReloader.scala:346) ~[na:na]
	at scala.Option.map(Option.scala:133) ~[scala-library.jar:na]
	at sbt.PlayReloader$$anon$2$$anonfun$reload$2.apply(PlayReloader.scala:346) ~[na:na]
	at sbt.PlayReloader$$anon$2$$anonfun$reload$2.apply(PlayReloader.scala:344) ~[na:na]
	at scala.Either$LeftProjection.map(Either.scala:374) ~[na:na]
	at sbt.PlayReloader$$anon$2.reload(PlayReloader.scala:344) ~[na:na]
	at play.core.ReloadableApplication.get(ApplicationProvider.scala:98) ~[play_2.10.jar:2.1.1]
	at play.core.server.Server$class.sendHandler$1(Server.scala:56) [play_2.10.jar:2.1.1]
	at play.core.server.Server$$anonfun$getHandlerFor$4.apply(Server.scala:88) [play_2.10.jar:2.1.1]
	at play.core.server.Server$$anonfun$getHandlerFor$4.apply(Server.scala:87) [play_2.10.jar:2.1.1]
	at scala.util.Either$RightProjection.flatMap(Either.scala:523) [scala-library.jar:na]
	at play.core.server.Server$class.getHandlerFor(Server.scala:87) [play_2.10.jar:2.1.1]
	at play.core.server.NettyServer.getHandlerFor(NettyServer.scala:34) [play_2.10.jar:2.1.1]
	at play.core.server.netty.PlayDefaultUpstreamHandler$$anonfun$6.apply(PlayDefaultUpstreamHandler.scala:115) [play_2.10.jar:2.1.1]
	at play.core.server.netty.PlayDefaultUpstreamHandler$$anonfun$6.apply(PlayDefaultUpstreamHandler.scala:115) [play_2.10.jar:2.1.1]
	at scala.util.Either.fold(Either.scala:98) [scala-library.jar:na]
	at play.core.server.netty.PlayDefaultUpstreamHandler.messageReceived(PlayDefaultUpstreamHandler.scala:109) [play_2.10.jar:2.1.1]
	at org.jboss.netty.channel.SimpleChannelUpstreamHandler.handleUpstream(SimpleChannelUpstreamHandler.java:70) [netty.jar:na]
	at org.jboss.netty.channel.DefaultChannelPipeline.sendUpstream(DefaultChannelPipeline.java:560) [netty.jar:na]
	at org.jboss.netty.channel.DefaultChannelPipeline$DefaultChannelHandlerContext.sendUpstream(DefaultChannelPipeline.java:787) [netty.jar:na]
	at org.jboss.netty.handler.codec.http.HttpContentDecoder.messageReceived(HttpContentDecoder.java:108) [netty.jar:na]
	at org.jboss.netty.channel.SimpleChannelUpstreamHandler.handleUpstream(SimpleChannelUpstreamHandler.java:70) [netty.jar:na]
	at org.jboss.netty.channel.DefaultChannelPipeline.sendUpstream(DefaultChannelPipeline.java:560) [netty.jar:na]
	at org.jboss.netty.channel.DefaultChannelPipeline$DefaultChannelHandlerContext.sendUpstream(DefaultChannelPipeline.java:787) [netty.jar:na]
	at org.jboss.netty.channel.Channels.fireMessageReceived(Channels.java:296) [netty.jar:na]
	at org.jboss.netty.handler.codec.frame.FrameDecoder.unfoldAndFireMessageReceived(FrameDecoder.java:459) [netty.jar:na]
	at org.jboss.netty.handler.codec.replay.ReplayingDecoder.callDecode(ReplayingDecoder.java:536) [netty.jar:na]
	at org.jboss.netty.handler.codec.replay.ReplayingDecoder.messageReceived(ReplayingDecoder.java:435) [netty.jar:na]
	at org.jboss.netty.channel.SimpleChannelUpstreamHandler.handleUpstream(SimpleChannelUpstreamHandler.java:70) [netty.jar:na]
	at org.jboss.netty.channel.DefaultChannelPipeline.sendUpstream(DefaultChannelPipeline.java:560) [netty.jar:na]
	at org.jboss.netty.channel.DefaultChannelPipeline.sendUpstream(DefaultChannelPipeline.java:555) [netty.jar:na]
	at org.jboss.netty.channel.Channels.fireMessageReceived(Channels.java:268) [netty.jar:na]
	at org.jboss.netty.channel.Channels.fireMessageReceived(Channels.java:255) [netty.jar:na]
	at org.jboss.netty.channel.socket.nio.NioWorker.read(NioWorker.java:88) [netty.jar:na]
	at org.jboss.netty.channel.socket.nio.AbstractNioWorker.process(AbstractNioWorker.java:107) [netty.jar:na]
	at org.jboss.netty.channel.socket.nio.AbstractNioSelector.run(AbstractNioSelector.java:312) [netty.jar:na]
	at org.jboss.netty.channel.socket.nio.AbstractNioWorker.run(AbstractNioWorker.java:88) [netty.jar:na]
	at org.jboss.netty.channel.socket.nio.NioWorker.run(NioWorker.java:178) [netty.jar:na]
	at org.jboss.netty.util.ThreadRenamingRunnable.run(ThreadRenamingRunnable.java:108) [netty.jar:na]
	at org.jboss.netty.util.internal.DeadLockProofWorker$1.run(DeadLockProofWorker.java:42) [netty.jar:na]
	at java.util.concurrent.ThreadPoolExecutor.runWorker(ThreadPoolExecutor.java:1146) [na:1.6.0_27]
	at java.util.concurrent.ThreadPoolExecutor$Worker.run(ThreadPoolExecutor.java:615) [na:1.6.0_27]
	at java.lang.Thread.run(Thread.java:679) [na:1.6.0_27]

2013-04-19 21:36:06,298 - [INFO] - from play in New I/O worker #2 
Application started (Dev)

2013-04-19 22:20:54,793 - [INFO] - from play in New I/O worker #3 
Application started (Dev)

2013-04-19 22:21:13,568 - [INFO] - from play in New I/O worker #3 
Application started (Dev)

2013-04-19 22:22:21,447 - [ERROR] - from application in New I/O worker #3 


! @6e34i6b8p - Internal server error, for (GET) [/] ->

sbt.PlayExceptions$CompilationException: Compilation error[')' expected but '@' found.]
	at sbt.PlayReloader$$anon$2$$anonfun$reload$2$$anonfun$apply$15$$anonfun$apply$16.apply(PlayReloader.scala:349) ~[na:na]
	at sbt.PlayReloader$$anon$2$$anonfun$reload$2$$anonfun$apply$15$$anonfun$apply$16.apply(PlayReloader.scala:349) ~[na:na]
	at scala.Option.map(Option.scala:133) ~[scala-library.jar:na]
	at sbt.PlayReloader$$anon$2$$anonfun$reload$2$$anonfun$apply$15.apply(PlayReloader.scala:349) ~[na:na]
	at sbt.PlayReloader$$anon$2$$anonfun$reload$2$$anonfun$apply$15.apply(PlayReloader.scala:346) ~[na:na]
	at scala.Option.map(Option.scala:133) ~[scala-library.jar:na]
	at sbt.PlayReloader$$anon$2$$anonfun$reload$2.apply(PlayReloader.scala:346) ~[na:na]
	at sbt.PlayReloader$$anon$2$$anonfun$reload$2.apply(PlayReloader.scala:344) ~[na:na]
	at scala.Either$LeftProjection.map(Either.scala:374) ~[na:na]
	at sbt.PlayReloader$$anon$2.reload(PlayReloader.scala:344) ~[na:na]
	at play.core.ReloadableApplication.get(ApplicationProvider.scala:98) ~[play_2.10.jar:2.1.1]
	at play.core.server.Server$class.sendHandler$1(Server.scala:56) [play_2.10.jar:2.1.1]
	at play.core.server.Server$$anonfun$getHandlerFor$4.apply(Server.scala:88) [play_2.10.jar:2.1.1]
	at play.core.server.Server$$anonfun$getHandlerFor$4.apply(Server.scala:87) [play_2.10.jar:2.1.1]
	at scala.util.Either$RightProjection.flatMap(Either.scala:523) [scala-library.jar:na]
	at play.core.server.Server$class.getHandlerFor(Server.scala:87) [play_2.10.jar:2.1.1]
	at play.core.server.NettyServer.getHandlerFor(NettyServer.scala:34) [play_2.10.jar:2.1.1]
	at play.core.server.netty.PlayDefaultUpstreamHandler$$anonfun$6.apply(PlayDefaultUpstreamHandler.scala:115) [play_2.10.jar:2.1.1]
	at play.core.server.netty.PlayDefaultUpstreamHandler$$anonfun$6.apply(PlayDefaultUpstreamHandler.scala:115) [play_2.10.jar:2.1.1]
	at scala.util.Either.fold(Either.scala:98) [scala-library.jar:na]
	at play.core.server.netty.PlayDefaultUpstreamHandler.messageReceived(PlayDefaultUpstreamHandler.scala:109) [play_2.10.jar:2.1.1]
	at org.jboss.netty.channel.SimpleChannelUpstreamHandler.handleUpstream(SimpleChannelUpstreamHandler.java:70) [netty.jar:na]
	at org.jboss.netty.channel.DefaultChannelPipeline.sendUpstream(DefaultChannelPipeline.java:560) [netty.jar:na]
	at org.jboss.netty.channel.DefaultChannelPipeline$DefaultChannelHandlerContext.sendUpstream(DefaultChannelPipeline.java:787) [netty.jar:na]
	at org.jboss.netty.handler.codec.http.HttpContentDecoder.messageReceived(HttpContentDecoder.java:108) [netty.jar:na]
	at org.jboss.netty.channel.SimpleChannelUpstreamHandler.handleUpstream(SimpleChannelUpstreamHandler.java:70) [netty.jar:na]
	at org.jboss.netty.channel.DefaultChannelPipeline.sendUpstream(DefaultChannelPipeline.java:560) [netty.jar:na]
	at org.jboss.netty.channel.DefaultChannelPipeline$DefaultChannelHandlerContext.sendUpstream(DefaultChannelPipeline.java:787) [netty.jar:na]
	at org.jboss.netty.channel.Channels.fireMessageReceived(Channels.java:296) [netty.jar:na]
	at org.jboss.netty.handler.codec.frame.FrameDecoder.unfoldAndFireMessageReceived(FrameDecoder.java:459) [netty.jar:na]
	at org.jboss.netty.handler.codec.replay.ReplayingDecoder.callDecode(ReplayingDecoder.java:536) [netty.jar:na]
	at org.jboss.netty.handler.codec.replay.ReplayingDecoder.messageReceived(ReplayingDecoder.java:435) [netty.jar:na]
	at org.jboss.netty.channel.SimpleChannelUpstreamHandler.handleUpstream(SimpleChannelUpstreamHandler.java:70) [netty.jar:na]
	at org.jboss.netty.channel.DefaultChannelPipeline.sendUpstream(DefaultChannelPipeline.java:560) [netty.jar:na]
	at org.jboss.netty.channel.DefaultChannelPipeline.sendUpstream(DefaultChannelPipeline.java:555) [netty.jar:na]
	at org.jboss.netty.channel.Channels.fireMessageReceived(Channels.java:268) [netty.jar:na]
	at org.jboss.netty.channel.Channels.fireMessageReceived(Channels.java:255) [netty.jar:na]
	at org.jboss.netty.channel.socket.nio.NioWorker.read(NioWorker.java:88) [netty.jar:na]
	at org.jboss.netty.channel.socket.nio.AbstractNioWorker.process(AbstractNioWorker.java:107) [netty.jar:na]
	at org.jboss.netty.channel.socket.nio.AbstractNioSelector.run(AbstractNioSelector.java:312) [netty.jar:na]
	at org.jboss.netty.channel.socket.nio.AbstractNioWorker.run(AbstractNioWorker.java:88) [netty.jar:na]
	at org.jboss.netty.channel.socket.nio.NioWorker.run(NioWorker.java:178) [netty.jar:na]
	at org.jboss.netty.util.ThreadRenamingRunnable.run(ThreadRenamingRunnable.java:108) [netty.jar:na]
	at org.jboss.netty.util.internal.DeadLockProofWorker$1.run(DeadLockProofWorker.java:42) [netty.jar:na]
	at java.util.concurrent.ThreadPoolExecutor.runWorker(ThreadPoolExecutor.java:1146) [na:1.6.0_27]
	at java.util.concurrent.ThreadPoolExecutor$Worker.run(ThreadPoolExecutor.java:615) [na:1.6.0_27]
	at java.lang.Thread.run(Thread.java:679) [na:1.6.0_27]

2013-04-19 22:22:35,864 - [INFO] - from play in New I/O worker #3 
Application started (Dev)

2013-04-19 22:27:45,747 - [INFO] - from play in New I/O worker #2 
Application started (Dev)

